01/05/2022 21:19:47 INFO     SystemSettings loaded
01/05/2022 21:19:47 INFO     SaveSystem - loaded
01/05/2022 21:19:47 INFO     SaveSystem - loaded
01/05/2022 21:19:47 INFO     SaveSystem - loaded
01/05/2022 21:19:47 INFO     SaveSystem - node loaded
01/05/2022 21:19:47 INFO     MapChunkManager - node loaded
01/05/2022 21:19:47 INFO     MapChunkSystem - loaded
01/05/2022 21:19:47 INFO     SaveSystem - loaded
01/05/2022 21:19:47 INFO     SaveSystem node loaded
01/05/2022 21:19:47 INFO     MapManager node loaded
01/05/2022 21:19:47 INFO     MapSystem node loaded
01/05/2022 21:19:47 INFO     SaveSystem - save_file(house,[],[])
01/05/2022 21:19:47 INFO     SaveSystem - loaded
01/05/2022 21:19:47 INFO     SaveSystem - node loaded
01/05/2022 21:19:47 INFO     ArticleManager - node loaded
01/05/2022 21:19:47 INFO     ArticleSystem - node loaded
01/05/2022 21:19:47 INFO     ShortcutSettings - Node loadded
01/05/2022 21:19:47 INFO     ProjectSettingsManager - Node loadded
01/05/2022 21:19:47 INFO     SaveSystem - loaded
01/05/2022 21:19:47 INFO     SaveSystem - loaded
01/05/2022 21:19:47 INFO     SaveSystem - loaded
01/05/2022 21:19:47 INFO     SaveSystem - node loaded
01/05/2022 21:19:47 INFO     MapChunkManager - node loaded
01/05/2022 21:19:47 INFO     MapChunkSystem - loaded
01/05/2022 21:19:47 INFO     SaveSystem - loaded
01/05/2022 21:19:47 INFO     SaveSystem node loaded
01/05/2022 21:19:47 INFO     MapManager node loaded
01/05/2022 21:19:47 INFO     MapSystem node loaded
01/05/2022 21:19:47 INFO     SaveSystem - save_file(house,[],[])
01/05/2022 21:19:47 INFO     SaveSystem - loaded
01/05/2022 21:19:47 INFO     SaveSystem - node loaded
01/05/2022 21:19:47 INFO     ArticleManager - node loaded
01/05/2022 21:19:47 INFO     ArticleSystem - node loaded
01/05/2022 21:27:46 INFO     SystemSettings loaded
01/05/2022 21:27:46 INFO     SaveSystem - loaded
01/05/2022 21:27:46 INFO     SaveSystem - loaded
01/05/2022 21:27:46 INFO     SaveSystem - loaded
01/05/2022 21:27:46 INFO     SaveSystem - node loaded
01/05/2022 21:27:46 INFO     MapChunkManager - node loaded
01/05/2022 21:27:46 INFO     MapChunkSystem - loaded
01/05/2022 21:27:46 INFO     SaveSystem - loaded
01/05/2022 21:27:46 INFO     SaveSystem node loaded
01/05/2022 21:27:46 INFO     MapManager node loaded
01/05/2022 21:27:46 INFO     MapSystem node loaded
01/05/2022 21:28:48 INFO     SystemSettings loaded
01/05/2022 21:28:48 INFO     SaveSystem - loaded
01/05/2022 21:28:48 INFO     SaveSystem - loaded
01/05/2022 21:28:48 INFO     SaveSystem - loaded
01/05/2022 21:28:48 INFO     SaveSystem - node loaded
01/05/2022 21:28:48 INFO     MapChunkManager - node loaded
01/05/2022 21:28:48 INFO     MapChunkSystem - loaded
01/05/2022 21:28:48 INFO     SaveSystem - loaded
01/05/2022 21:28:48 INFO     SaveSystem node loaded
01/05/2022 21:28:48 INFO     MapManager node loaded
01/05/2022 21:28:48 INFO     MapSystem node loaded
01/05/2022 21:29:34 INFO     SaveSystem - save_file(house,[[res:///save_files/map_chunks/ed1cd53e-5acf-4d24-b799-b5e5c6a5bc79_save_data.tres, res:///save_files/map_chunks/704e1d90-78ab-493c-bb95-7deb6705ac59_save_data.tres, res:///save_files/map_chunks/cf0a5dea-8627-46a9-91e8-ffdcc0a3d480_save_data.tres, res:///save_files/map_chunks/f38f2038-27ed-4ca8-b65a-d8e9dc6f30e7_save_data.tres, res:///save_files/map_chunks/d06d36bb-876d-41c0-8757-310eb50b00cf_save_data.tres, res:///save_files/map_chunks/bed8bd48-07f7-4776-9fcd-098fa96582e0_save_data.tres, res:///save_files/map_chunks/30923c0a-c41c-40f2-a761-7e81559978ba_save_data.tres, res:///save_files/map_chunks/41cadd80-9dd6-48f8-8a17-a76f43b9e41b_save_data.tres, res:///save_files/map_chunks/821f3286-7210-4b8c-8149-b6bc3ddd49d1_save_data.tres], [res:///save_files/map_chunks/15519bf1-1eac-46dc-899e-85bcc70af062_save_data.tres, res:///save_files/map_chunks/23ad4d2b-1824-453c-884e-b50551c2a7b5_save_data.tres, res:///save_files/map_chunks/23141b77-b3c9-4986-abf0-71292324a434_save_data.tres, res:///save_files/map_chunks/e3a8ea91-8c71-4ce6-b492-47140ebfc05e_save_data.tres, res:///save_files/map_chunks/15ff79ce-7e74-440b-8b35-c7341b52a82c_save_data.tres, res:///save_files/map_chunks/d6bc3d35-716c-48d4-b082-34e8f41512d3_save_data.tres, res:///save_files/map_chunks/c895a4c1-4b41-4975-81d4-ecda36d320cf_save_data.tres, res:///save_files/map_chunks/406f0559-d08c-42ba-9e01-f3c5bbe79072_save_data.tres, res:///save_files/map_chunks/112cff0e-e2cc-4548-b1ae-0412766f7d91_save_data.tres], [res:///save_files/map_chunks/146774f9-3f9c-4ed9-91a3-4daa68af72f2_save_data.tres, res:///save_files/map_chunks/21804e8a-ab63-472c-8f65-782374a18910_save_data.tres, res:///save_files/map_chunks/b3edb42b-6b8e-4059-9728-3f3f9cbb4c5c_save_data.tres, res:///save_files/map_chunks/5930567d-429a-4717-b539-ff328d639d52_save_data.tres, res:///save_files/map_chunks/6297a22e-e2e5-4a86-acf1-53a0d4d301dd_save_data.tres, res:///save_files/map_chunks/9cd2cb92-b8a1-4e7a-8d5c-534ded4920a7_save_data.tres, res:///save_files/map_chunks/b49e632e-da46-43b7-a80f-290e2d4f1a53_save_data.tres, res:///save_files/map_chunks/5789359c-c7ae-433f-b019-df816023aed1_save_data.tres, res:///save_files/map_chunks/715586c2-7d09-493a-bf25-71ed6bada68f_save_data.tres], [res:///save_files/map_chunks/d37b0746-cd08-411e-b774-d9afb8ecc4eb_save_data.tres, res:///save_files/map_chunks/3c737a88-ad24-4a71-99ba-78d12906ac65_save_data.tres, res:///save_files/map_chunks/4a1c59c0-21dc-4fc7-8b09-a8e71c2c720b_save_data.tres, res:///save_files/map_chunks/217f5225-bdb1-4b12-87e4-6a383902b47e_save_data.tres, res:///save_files/map_chunks/e2e4d29c-f0bd-4b66-9bb3-16ae15846f8c_save_data.tres, res:///save_files/map_chunks/25ed6af3-e3b7-4e70-9a28-aa2878d852a4_save_data.tres, res:///save_files/map_chunks/3a31a9d8-1c41-44a3-a186-3498a35a0a42_save_data.tres, res:///save_files/map_chunks/29ff5794-190a-4501-ad80-ed2653121a77_save_data.tres, res:///save_files/map_chunks/1ca71636-4105-4fa0-b02f-dd60ca867e23_save_data.tres], [res:///save_files/map_chunks/06977347-39ae-40d0-8e46-62b670d838c2_save_data.tres, res:///save_files/map_chunks/626b28e7-9067-4bc8-b4d0-2a3e781bb49b_save_data.tres, res:///save_files/map_chunks/4985c95c-be95-451d-aadf-5e895e840ef7_save_data.tres, res:///save_files/map_chunks/f213a7ab-c036-4bbb-ac92-cd2870f88f26_save_data.tres, res:///save_files/map_chunks/39402e80-edee-471b-b835-3fa60047a686_save_data.tres, res:///save_files/map_chunks/01ba6bd1-e4c0-4bc4-b82a-16845b862713_save_data.tres, res:///save_files/map_chunks/355bb54a-90dd-4506-8bde-1d824f2c3bfd_save_data.tres, res:///save_files/map_chunks/02bee411-a410-40ea-9ea3-0cec939a14a1_save_data.tres, res:///save_files/map_chunks/05edc399-7d32-4bd0-8f2f-031209cc0974_save_data.tres], [res:///save_files/map_chunks/6917071b-c076-4a6f-afdf-b34c40264229_save_data.tres, res:///save_files/map_chunks/793f71f5-1182-4a9b-9cdd-95085773f74d_save_data.tres, res:///save_files/map_chunks/93591c07-6540-4b4e-bda5-04c2a73c87ea_save_data.tres, res:///save_files/map_chunks/a5e06b43-9bd8-43dd-80ec-a6210f73fae5_save_data.tres, res:///save_files/map_chunks/d9dbb895-5d32-45c2-9fbc-7181e4eb2557_save_data.tres, res:///save_files/map_chunks/c29b8788-4f28-4874-811d-44716e9c21dd_save_data.tres, res:///save_files/map_chunks/d7d9693d-9079-46b3-9cf1-27e4330838b7_save_data.tres, res:///save_files/map_chunks/c5f16e71-e213-473e-841c-5a19166a9c97_save_data.tres, res:///save_files/map_chunks/6c579dcd-33bd-4c79-b25b-9a22afb38b68_save_data.tres], [res:///save_files/map_chunks/5d47419e-6223-4460-ba18-85433d938399_save_data.tres, res:///save_files/map_chunks/70ccfce3-82f2-4b03-b0aa-34f3ac347016_save_data.tres, res:///save_files/map_chunks/61139ccc-3b7b-40d7-bae1-366afa2a381e_save_data.tres, res:///save_files/map_chunks/ee108969-4a11-4f16-ae4c-3bee7f370905_save_data.tres, res:///save_files/map_chunks/590de9c0-1cc8-4b13-a78e-1b0d096bb3b5_save_data.tres, res:///save_files/map_chunks/9ac6d904-8ae4-44b7-a020-904c33fbc81b_save_data.tres, res:///save_files/map_chunks/c36c0dc5-eaa3-4dad-b365-5a2c2d35ecd1_save_data.tres, res:///save_files/map_chunks/ed482a8f-9031-49d5-83a7-7416f81fe489_save_data.tres, res:///save_files/map_chunks/a96e0ec1-4b44-4c06-a1a4-85e56e6cee9c_save_data.tres], [res:///save_files/map_chunks/2af61edf-fbb6-4e8d-91c7-a84c1d432ded_save_data.tres, res:///save_files/map_chunks/ad2e2595-726c-43fb-bfc2-de553c3be725_save_data.tres, res:///save_files/map_chunks/a2d1aa59-1edc-452a-b23f-ccb7085eee5e_save_data.tres, res:///save_files/map_chunks/f2e5d258-a25e-4b3e-9429-9700563fef59_save_data.tres, res:///save_files/map_chunks/ca6d76df-2b5c-4ec5-9ceb-9beaf478ce59_save_data.tres, res:///save_files/map_chunks/07f4b3e5-c7ea-4773-8b9d-893bb7687756_save_data.tres, res:///save_files/map_chunks/ee3f89e3-e55c-4fe5-9274-cb62e1b8636b_save_data.tres, res:///save_files/map_chunks/8115e9f0-33fb-4699-8739-34ba5b27232e_save_data.tres, res:///save_files/map_chunks/06f5bd65-9309-4534-b5c9-76e2ac8b81a2_save_data.tres], [res:///save_files/map_chunks/d8b9b6f3-4ba9-4962-9ccc-599d9ec938d3_save_data.tres, res:///save_files/map_chunks/24aa8b6a-f852-4454-bb83-904e8430b762_save_data.tres, res:///save_files/map_chunks/95a52957-9d3c-4c9d-b15e-290e9c548fe7_save_data.tres, res:///save_files/map_chunks/0c8248dc-a211-4f1c-b1c3-9d203758be19_save_data.tres, res:///save_files/map_chunks/492310bd-019b-4f65-9ae6-718b0f4f3209_save_data.tres, res:///save_files/map_chunks/c986caf6-487d-48af-bfb9-690e8caee343_save_data.tres, res:///save_files/map_chunks/06fc1cd7-4fca-4c19-b27b-a3952491521c_save_data.tres, res:///save_files/map_chunks/031cad0f-cef3-44a9-a0ee-487ee9a9de6e_save_data.tres, res:///save_files/map_chunks/eda325ea-ee17-4123-ab31-81bf6b5a3049_save_data.tres]],[])
01/05/2022 21:29:34 INFO     SaveSystem - loaded
01/05/2022 21:29:34 INFO     SaveSystem - node loaded
01/05/2022 21:29:34 INFO     ArticleManager - node loaded
01/05/2022 21:29:34 INFO     ArticleSystem - node loaded
01/05/2022 21:29:34 INFO     ShortcutSettings - Node loadded
01/05/2022 21:29:34 INFO     ProjectSettingsManager - Node loadded
01/05/2022 21:29:34 INFO     SaveSystem - loaded
01/05/2022 21:29:34 INFO     SaveSystem - loaded
01/05/2022 21:29:34 INFO     SaveSystem - loaded
01/05/2022 21:29:34 INFO     SaveSystem - node loaded
01/05/2022 21:29:34 INFO     MapChunkManager - node loaded
01/05/2022 21:29:34 INFO     MapChunkSystem - loaded
01/05/2022 21:29:34 INFO     SaveSystem - loaded
01/05/2022 21:29:34 INFO     SaveSystem node loaded
01/05/2022 21:29:34 INFO     MapManager node loaded
01/05/2022 21:29:34 INFO     MapSystem node loaded
01/05/2022 21:29:48 INFO     SaveSystem - save_file(house,[[res:///save_files/map_chunks/9d27acd2-a208-44e2-815c-888e06f611b9_save_data.tres, res:///save_files/map_chunks/16fa59f4-e351-4e73-92a6-c7a5536a0285_save_data.tres, res:///save_files/map_chunks/71d10507-4788-40a7-abc0-2bc97b352587_save_data.tres, res:///save_files/map_chunks/538a229a-b339-4b4c-aa29-9ead9df03000_save_data.tres, res:///save_files/map_chunks/0b7ade7d-bf13-4e70-9fe2-af730f7f154c_save_data.tres, res:///save_files/map_chunks/25efa764-e53a-4196-9e51-c20b1606dfc8_save_data.tres, res:///save_files/map_chunks/75e46d58-1612-436d-947c-9c7c9e3d3600_save_data.tres, res:///save_files/map_chunks/8e95948b-6f6a-4d5d-a8c2-3cea2055c3bd_save_data.tres, res:///save_files/map_chunks/0fac9d0a-f6c5-4bad-a66c-f9f86ff2ffd5_save_data.tres], [res:///save_files/map_chunks/b5e20174-3609-4f90-beb7-a99b0185c389_save_data.tres, res:///save_files/map_chunks/89149665-f0b0-4fc4-81f3-c37ba05c104d_save_data.tres, res:///save_files/map_chunks/4c9d79d3-f11d-40ac-bb60-c1847ded26f6_save_data.tres, res:///save_files/map_chunks/37877d73-ff0d-4d4b-8999-32f04d5267f5_save_data.tres, res:///save_files/map_chunks/d684d895-7762-4f72-aa24-4cc9f6a44289_save_data.tres, res:///save_files/map_chunks/f65d6f13-7027-4e3c-9b58-467426e622fb_save_data.tres, res:///save_files/map_chunks/4ec6aebe-a764-43c9-be16-c17b16ccc7c8_save_data.tres, res:///save_files/map_chunks/bd40474b-55ba-47b6-9de3-3f815051f5a6_save_data.tres, res:///save_files/map_chunks/83a6659c-faab-40a9-a593-1547e7cd2759_save_data.tres], [res:///save_files/map_chunks/a965e1e7-71d7-4b46-84b0-ba3b2ed15c8d_save_data.tres, res:///save_files/map_chunks/2c477c15-4add-487e-aea2-d3a3c1410882_save_data.tres, res:///save_files/map_chunks/0ec4a64f-6362-48d9-8c49-391f92154a30_save_data.tres, res:///save_files/map_chunks/a3121d6e-e735-462f-88e0-53257c5f02e1_save_data.tres, res:///save_files/map_chunks/d6e00e3d-deb5-4ef2-91da-060a33b7203d_save_data.tres, res:///save_files/map_chunks/ff55bd59-cd28-450f-a324-bbcc44e316ca_save_data.tres, res:///save_files/map_chunks/576d05c3-6f49-405a-b181-17b66bc75d8a_save_data.tres, res:///save_files/map_chunks/96550787-6e37-4f4d-8643-ba17f87c4fc8_save_data.tres, res:///save_files/map_chunks/b2dfcf96-63d0-4fdb-9b06-6f450f8ca898_save_data.tres], [res:///save_files/map_chunks/d6824205-0b6a-4509-89ec-a31ae5c661c8_save_data.tres, res:///save_files/map_chunks/79f8090a-3d35-47d0-a531-bdd84cef3cec_save_data.tres, res:///save_files/map_chunks/1ecb01b1-50d0-414c-bb4a-72539fb0fdc5_save_data.tres, res:///save_files/map_chunks/11fbb637-2b22-452e-bf9b-d72d14752729_save_data.tres, res:///save_files/map_chunks/a6d14721-2955-4171-867e-c1418e424dd9_save_data.tres, res:///save_files/map_chunks/22070042-064b-47c5-a678-dd092c9389f0_save_data.tres, res:///save_files/map_chunks/9e35bf9a-fe7c-47ad-957d-b40c5e5baa19_save_data.tres, res:///save_files/map_chunks/2440b46d-877b-41cf-9710-e652827b7a8f_save_data.tres, res:///save_files/map_chunks/a04107d4-58a4-46fa-a91e-474030f2ba8b_save_data.tres], [res:///save_files/map_chunks/9ec1976e-2f6a-430a-9fb1-6b7f926c6212_save_data.tres, res:///save_files/map_chunks/70d1292d-85e8-4814-af43-3c931b69c0f8_save_data.tres, res:///save_files/map_chunks/1c0fe042-6730-4077-a999-ee32a805ef4e_save_data.tres, res:///save_files/map_chunks/257f583d-72e3-4c31-b6d0-cf7090102cd3_save_data.tres, res:///save_files/map_chunks/4c11b325-5e8b-4bd1-aee0-c5123e9dde72_save_data.tres, res:///save_files/map_chunks/62fed66f-41e3-4d3a-b023-a3e9dad60c2b_save_data.tres, res:///save_files/map_chunks/971de6cf-0596-4ac9-b558-073762aa81d9_save_data.tres, res:///save_files/map_chunks/2d44c638-c9c3-4008-97d5-bcf3c0bcdd79_save_data.tres, res:///save_files/map_chunks/9e72afb7-e71d-42bf-a76d-458958419500_save_data.tres], [res:///save_files/map_chunks/784d2955-546c-41d9-84f3-19050d0c73af_save_data.tres, res:///save_files/map_chunks/559e9510-0d04-44e1-9eb4-b76a4c90426e_save_data.tres, res:///save_files/map_chunks/bda4ff8c-4847-4c30-9edf-7f780bbb4aeb_save_data.tres, res:///save_files/map_chunks/db56b22b-c0af-496f-a625-d23b179d54bd_save_data.tres, res:///save_files/map_chunks/094b2097-ab29-4b9c-8342-60ae07ed277c_save_data.tres, res:///save_files/map_chunks/c8cf83b6-6044-4cd5-9a61-88f1e4ff6ec3_save_data.tres, res:///save_files/map_chunks/911f035c-b32e-480b-826b-b8947f7b6cf3_save_data.tres, res:///save_files/map_chunks/bf0f1cc7-3a67-4414-9f21-aa5a05349b8d_save_data.tres, res:///save_files/map_chunks/7ad73b93-7c7f-4626-8524-4f2325128ce7_save_data.tres], [res:///save_files/map_chunks/e1a0fdbc-8577-42b7-9ec5-c4533f6ee2a4_save_data.tres, res:///save_files/map_chunks/806b3d4f-d45c-454d-8848-0ea2c5cceadc_save_data.tres, res:///save_files/map_chunks/986152ec-3305-41d5-bc12-2afe24a205f0_save_data.tres, res:///save_files/map_chunks/5a3ab42d-f9ab-452d-a250-54576f91a47f_save_data.tres, res:///save_files/map_chunks/2beae843-71db-4c8d-9958-456e867b7002_save_data.tres, res:///save_files/map_chunks/d2c69e8c-4547-47ab-a8f1-9bfa64bbd2b2_save_data.tres, res:///save_files/map_chunks/6f36f666-484d-4c9e-9b56-8a4a725be3ac_save_data.tres, res:///save_files/map_chunks/e1f8d729-59ac-4697-b5c3-bddf8df50c96_save_data.tres, res:///save_files/map_chunks/df3bf3f1-a368-4586-9bbe-eedca777d868_save_data.tres], [res:///save_files/map_chunks/49513655-8d11-4669-ae2a-28c0ba219afb_save_data.tres, res:///save_files/map_chunks/93e7c5b8-8556-4b2f-a361-fb87ee8e3fa9_save_data.tres, res:///save_files/map_chunks/eefc7ae0-2829-4727-b48a-abf003163e07_save_data.tres, res:///save_files/map_chunks/df6ccea6-9a07-4329-b30f-e05d3978f7f6_save_data.tres, res:///save_files/map_chunks/f5f29fc8-08a3-4822-9758-c120b7192e8b_save_data.tres, res:///save_files/map_chunks/ae3d21a5-2782-4427-8e2e-2db3d059baaa_save_data.tres, res:///save_files/map_chunks/5110d6c2-4cad-4083-8379-1c5bb989adde_save_data.tres, res:///save_files/map_chunks/ace05c77-c3c9-4a4c-90e6-1cb4e4a1ee04_save_data.tres, res:///save_files/map_chunks/381c6f91-552a-4117-87d4-d8b51467184d_save_data.tres], [res:///save_files/map_chunks/5b5ccaea-4759-4ff1-b8f8-aab875534653_save_data.tres, res:///save_files/map_chunks/4a488d96-b7cc-458c-871c-71dd4d00bf87_save_data.tres, res:///save_files/map_chunks/965df33f-8a09-44ae-be34-622901468c47_save_data.tres, res:///save_files/map_chunks/da42cfe6-1ef8-4f47-85b3-e10dde8f7290_save_data.tres, res:///save_files/map_chunks/4cc88b96-d45a-42a5-a06a-17c228fd4af8_save_data.tres, res:///save_files/map_chunks/c08f5442-f63b-4953-8163-bb3d8173ebbb_save_data.tres, res:///save_files/map_chunks/4717c09d-cae4-4ee2-8470-b9d300335bbf_save_data.tres, res:///save_files/map_chunks/61ee43a0-06f1-4471-94c4-70a2f0d06209_save_data.tres, res:///save_files/map_chunks/eb0faa73-3ddf-4c1e-8280-61fce24f32ac_save_data.tres]],[])
01/05/2022 21:29:48 INFO     SaveSystem - loaded
01/05/2022 21:29:48 INFO     SaveSystem - node loaded
01/05/2022 21:29:48 INFO     ArticleManager - node loaded
01/05/2022 21:29:48 INFO     ArticleSystem - node loaded
01/05/2022 21:36:44 INFO     SystemSettings loaded
01/05/2022 21:36:44 INFO     SaveSystem - loaded
01/05/2022 21:36:44 INFO     SaveSystem - loaded
01/05/2022 21:36:44 INFO     SaveSystem - loaded
01/05/2022 21:36:44 INFO     SaveSystem - node loaded
01/05/2022 21:36:44 INFO     MapChunkManager - node loaded
01/05/2022 21:36:44 INFO     MapChunkSystem - loaded
01/05/2022 21:36:44 INFO     SaveSystem - loaded
01/05/2022 21:36:44 INFO     SaveSystem node loaded
01/05/2022 21:36:44 INFO     MapManager node loaded
01/05/2022 21:36:44 INFO     MapSystem node loaded
01/05/2022 21:36:50 INFO     SaveSystem - save_file(house,[],[])
01/05/2022 21:36:50 INFO     SaveSystem - loaded
01/05/2022 21:36:50 INFO     SaveSystem - node loaded
01/05/2022 21:36:50 INFO     ArticleManager - node loaded
01/05/2022 21:36:50 INFO     ArticleSystem - node loaded
01/05/2022 21:36:50 INFO     ShortcutSettings - Node loadded
01/05/2022 21:36:50 INFO     ProjectSettingsManager - Node loadded
01/05/2022 21:36:50 INFO     SaveSystem - loaded
01/05/2022 21:36:50 INFO     SaveSystem - loaded
01/05/2022 21:36:50 INFO     SaveSystem - loaded
01/05/2022 21:36:50 INFO     SaveSystem - node loaded
01/05/2022 21:36:50 INFO     MapChunkManager - node loaded
01/05/2022 21:36:50 INFO     MapChunkSystem - loaded
01/05/2022 21:36:50 INFO     SaveSystem - loaded
01/05/2022 21:36:50 INFO     SaveSystem node loaded
01/05/2022 21:36:50 INFO     MapManager node loaded
01/05/2022 21:36:50 INFO     MapSystem node loaded
01/05/2022 21:36:55 INFO     SaveSystem - save_file(house,[],[])
01/05/2022 21:36:55 INFO     SaveSystem - loaded
01/05/2022 21:36:55 INFO     SaveSystem - node loaded
01/05/2022 21:36:55 INFO     ArticleManager - node loaded
01/05/2022 21:36:55 INFO     ArticleSystem - node loaded
01/05/2022 22:20:11 INFO     SystemSettings loaded
01/05/2022 22:20:11 INFO     SaveSystem - loaded
01/05/2022 22:20:11 INFO     SaveSystem - loaded
01/05/2022 22:20:11 INFO     SaveSystem - loaded
01/05/2022 22:20:11 INFO     SaveSystem - node loaded
01/05/2022 22:20:11 INFO     MapChunkManager - node loaded
01/05/2022 22:20:11 INFO     MapChunkSystem - loaded
01/05/2022 22:20:11 INFO     SaveSystem - loaded
01/05/2022 22:20:11 INFO     SaveSystem node loaded
01/05/2022 22:20:11 INFO     MapManager node loaded
01/05/2022 22:20:11 INFO     MapSystem node loaded
01/05/2022 22:20:11 INFO     SaveSystem - save_file(house,[],[])
01/05/2022 22:20:11 INFO     SaveSystem - loaded
01/05/2022 22:20:11 INFO     SaveSystem - node loaded
01/05/2022 22:20:11 INFO     ArticleManager - node loaded
01/05/2022 22:20:11 INFO     ArticleSystem - node loaded
01/05/2022 22:20:11 INFO     ShortcutSettings - Node loadded
01/05/2022 22:20:11 INFO     ProjectSettingsManager - Node loadded
01/05/2022 22:20:11 INFO     SaveSystem - loaded
01/05/2022 22:20:11 INFO     SaveSystem - loaded
01/05/2022 22:20:11 INFO     SaveSystem - loaded
01/05/2022 22:20:11 INFO     SaveSystem - node loaded
01/05/2022 22:20:11 INFO     MapChunkManager - node loaded
01/05/2022 22:20:11 INFO     MapChunkSystem - loaded
01/05/2022 22:20:11 INFO     SaveSystem - loaded
01/05/2022 22:20:11 INFO     SaveSystem node loaded
01/05/2022 22:20:11 INFO     MapManager node loaded
01/05/2022 22:20:11 INFO     MapSystem node loaded
01/05/2022 22:20:11 INFO     SaveSystem - save_file(house,[],[])
01/05/2022 22:20:11 INFO     SaveSystem - loaded
01/05/2022 22:20:11 INFO     SaveSystem - node loaded
01/05/2022 22:20:11 INFO     ArticleManager - node loaded
01/05/2022 22:20:11 INFO     ArticleSystem - node loaded
01/05/2022 22:23:47 INFO     SystemSettings loaded
01/05/2022 22:23:47 INFO     SaveSystem - loaded
01/05/2022 22:23:47 INFO     SaveSystem - loaded
01/05/2022 22:23:47 INFO     SaveSystem - loaded
01/05/2022 22:23:47 INFO     SaveSystem - node loaded
01/05/2022 22:23:47 INFO     MapChunkManager - node loaded
01/05/2022 22:23:47 INFO     MapChunkSystem - loaded
01/05/2022 22:23:47 INFO     SaveSystem - loaded
01/05/2022 22:23:47 INFO     SaveSystem node loaded
01/05/2022 22:23:47 INFO     MapManager node loaded
01/05/2022 22:23:47 INFO     MapSystem node loaded
01/05/2022 22:23:47 INFO     SaveSystem - save_file(house,[],[])
01/05/2022 22:23:47 INFO     SaveSystem - loaded
01/05/2022 22:23:47 INFO     SaveSystem - node loaded
01/05/2022 22:23:47 INFO     ArticleManager - node loaded
01/05/2022 22:23:47 INFO     ArticleSystem - node loaded
01/05/2022 22:23:47 INFO     ShortcutSettings - Node loadded
01/05/2022 22:23:47 INFO     ProjectSettingsManager - Node loadded
01/05/2022 22:23:47 INFO     SaveSystem - loaded
01/05/2022 22:23:47 INFO     SaveSystem - loaded
01/05/2022 22:23:47 INFO     SaveSystem - loaded
01/05/2022 22:23:47 INFO     SaveSystem - node loaded
01/05/2022 22:23:47 INFO     MapChunkManager - node loaded
01/05/2022 22:23:47 INFO     MapChunkSystem - loaded
01/05/2022 22:23:47 INFO     SaveSystem - loaded
01/05/2022 22:23:47 INFO     SaveSystem node loaded
01/05/2022 22:23:47 INFO     MapManager node loaded
01/05/2022 22:23:47 INFO     MapSystem node loaded
01/05/2022 22:23:48 INFO     SaveSystem - save_file(house,[],[])
01/05/2022 22:23:48 INFO     SaveSystem - loaded
01/05/2022 22:23:48 INFO     SaveSystem - node loaded
01/05/2022 22:23:48 INFO     ArticleManager - node loaded
01/05/2022 22:23:48 INFO     ArticleSystem - node loaded
01/05/2022 23:19:25 INFO     SystemSettings loaded
01/05/2022 23:19:25 INFO     SaveSystem - loaded
01/05/2022 23:19:25 INFO     SaveSystem - loaded
01/05/2022 23:19:25 INFO     SaveSystem - loaded
01/05/2022 23:19:25 INFO     SaveSystem - node loaded
01/05/2022 23:19:25 INFO     MapChunkManager - node loaded
01/05/2022 23:19:25 INFO     MapChunkSystem - loaded
01/05/2022 23:19:25 INFO     SaveSystem - loaded
01/05/2022 23:19:25 INFO     SaveSystem node loaded
01/05/2022 23:19:25 INFO     MapManager node loaded
01/05/2022 23:19:25 INFO     MapSystem node loaded
01/05/2022 23:19:26 INFO     SaveSystem - save_file(house,[[], [], [], [], [], [], [], [], [], [], [], [], [], [], []],[])
01/05/2022 23:19:26 INFO     SaveSystem - loaded
01/05/2022 23:19:26 INFO     SaveSystem - node loaded
01/05/2022 23:19:26 INFO     ArticleManager - node loaded
01/05/2022 23:19:26 INFO     ArticleSystem - node loaded
01/05/2022 23:19:26 INFO     ShortcutSettings - Node loadded
01/05/2022 23:19:26 INFO     ProjectSettingsManager - Node loadded
01/05/2022 23:19:26 INFO     SaveSystem - loaded
01/05/2022 23:19:26 INFO     SaveSystem - loaded
01/05/2022 23:19:26 INFO     SaveSystem - loaded
01/05/2022 23:19:26 INFO     SaveSystem - node loaded
01/05/2022 23:19:26 INFO     MapChunkManager - node loaded
01/05/2022 23:19:26 INFO     MapChunkSystem - loaded
01/05/2022 23:19:26 INFO     SaveSystem - loaded
01/05/2022 23:19:26 INFO     SaveSystem node loaded
01/05/2022 23:19:26 INFO     MapManager node loaded
01/05/2022 23:19:26 INFO     MapSystem node loaded
01/05/2022 23:19:26 INFO     SaveSystem - save_file(house,[[], [], [], [], [], [], [], [], [], [], [], [], [], [], []],[])
01/05/2022 23:19:26 INFO     SaveSystem - loaded
01/05/2022 23:19:26 INFO     SaveSystem - node loaded
01/05/2022 23:19:26 INFO     ArticleManager - node loaded
01/05/2022 23:19:26 INFO     ArticleSystem - node loaded
01/05/2022 23:23:04 INFO     SystemSettings loaded
01/05/2022 23:23:04 INFO     SaveSystem - loaded
01/05/2022 23:23:04 INFO     SaveSystem - loaded
01/05/2022 23:23:04 INFO     SaveSystem - loaded
01/05/2022 23:23:04 INFO     SaveSystem - node loaded
01/05/2022 23:23:04 INFO     MapChunkManager - node loaded
01/05/2022 23:23:04 INFO     MapChunkSystem - loaded
01/05/2022 23:23:04 INFO     SaveSystem - loaded
01/05/2022 23:23:04 INFO     SaveSystem node loaded
01/05/2022 23:23:04 INFO     MapManager node loaded
01/05/2022 23:23:04 INFO     MapSystem node loaded
01/05/2022 23:23:48 INFO     SystemSettings loaded
01/05/2022 23:23:48 INFO     SaveSystem - loaded
01/05/2022 23:23:48 INFO     SaveSystem - loaded
01/05/2022 23:23:48 INFO     SaveSystem - loaded
01/05/2022 23:23:48 INFO     SaveSystem - node loaded
01/05/2022 23:23:48 INFO     MapChunkManager - node loaded
01/05/2022 23:23:48 INFO     MapChunkSystem - loaded
01/05/2022 23:23:48 INFO     SaveSystem - loaded
01/05/2022 23:23:48 INFO     SaveSystem node loaded
01/05/2022 23:23:48 INFO     MapManager node loaded
01/05/2022 23:23:48 INFO     MapSystem node loaded
01/05/2022 23:23:49 INFO     SaveSystem - save_file(house,[[], [], [], [], [], [], [], [], [], [], [], [], [], [], []],[])
01/05/2022 23:23:49 INFO     SaveSystem - loaded
01/05/2022 23:23:49 INFO     SaveSystem - node loaded
01/05/2022 23:23:49 INFO     ArticleManager - node loaded
01/05/2022 23:23:49 INFO     ArticleSystem - node loaded
01/05/2022 23:23:49 INFO     ShortcutSettings - Node loadded
01/05/2022 23:23:49 INFO     ProjectSettingsManager - Node loadded
01/05/2022 23:23:49 INFO     SaveSystem - loaded
01/05/2022 23:23:49 INFO     SaveSystem - loaded
01/05/2022 23:23:49 INFO     SaveSystem - loaded
01/05/2022 23:23:49 INFO     SaveSystem - node loaded
01/05/2022 23:23:49 INFO     MapChunkManager - node loaded
01/05/2022 23:23:49 INFO     MapChunkSystem - loaded
01/05/2022 23:23:49 INFO     SaveSystem - loaded
01/05/2022 23:23:49 INFO     SaveSystem node loaded
01/05/2022 23:23:49 INFO     MapManager node loaded
01/05/2022 23:23:49 INFO     MapSystem node loaded
01/05/2022 23:23:49 INFO     SaveSystem - save_file(house,[[], [], [], [], [], [], [], [], [], [], [], [], [], [], []],[])
01/05/2022 23:23:49 INFO     SaveSystem - loaded
01/05/2022 23:23:49 INFO     SaveSystem - node loaded
01/05/2022 23:23:49 INFO     ArticleManager - node loaded
01/05/2022 23:23:49 INFO     ArticleSystem - node loaded
01/05/2022 23:32:10 INFO     SystemSettings loaded
01/05/2022 23:32:10 INFO     SaveSystem - loaded
01/05/2022 23:32:10 INFO     SaveSystem - loaded
01/05/2022 23:32:10 INFO     SaveSystem - loaded
01/05/2022 23:32:10 INFO     SaveSystem - node loaded
01/05/2022 23:32:10 INFO     MapChunkManager - node loaded
01/05/2022 23:32:10 INFO     MapChunkSystem - loaded
01/05/2022 23:32:10 INFO     SaveSystem - loaded
01/05/2022 23:32:10 INFO     SaveSystem node loaded
01/05/2022 23:32:10 INFO     MapManager node loaded
01/05/2022 23:32:10 INFO     MapSystem node loaded
01/05/2022 23:32:10 INFO     SaveSystem - save_file(house,[],[])
01/05/2022 23:32:10 INFO     SaveSystem - loaded
01/05/2022 23:32:10 INFO     SaveSystem - node loaded
01/05/2022 23:32:10 INFO     ArticleManager - node loaded
01/05/2022 23:32:10 INFO     ArticleSystem - node loaded
01/05/2022 23:32:10 INFO     ShortcutSettings - Node loadded
01/05/2022 23:32:10 INFO     ProjectSettingsManager - Node loadded
01/05/2022 23:32:10 INFO     SaveSystem - loaded
01/05/2022 23:32:10 INFO     SaveSystem - loaded
01/05/2022 23:32:10 INFO     SaveSystem - loaded
01/05/2022 23:32:10 INFO     SaveSystem - node loaded
01/05/2022 23:32:10 INFO     MapChunkManager - node loaded
01/05/2022 23:32:10 INFO     MapChunkSystem - loaded
01/05/2022 23:32:10 INFO     SaveSystem - loaded
01/05/2022 23:32:10 INFO     SaveSystem node loaded
01/05/2022 23:32:10 INFO     MapManager node loaded
01/05/2022 23:32:10 INFO     MapSystem node loaded
01/05/2022 23:32:11 INFO     SaveSystem - save_file(house,[],[])
01/05/2022 23:32:11 INFO     SaveSystem - loaded
01/05/2022 23:32:11 INFO     SaveSystem - node loaded
01/05/2022 23:32:11 INFO     ArticleManager - node loaded
01/05/2022 23:32:11 INFO     ArticleSystem - node loaded
01/05/2022 23:35:12 INFO     SystemSettings loaded
01/05/2022 23:35:12 INFO     SaveSystem - loaded
01/05/2022 23:35:12 INFO     SaveSystem - loaded
01/05/2022 23:35:12 INFO     SaveSystem - loaded
01/05/2022 23:35:12 INFO     SaveSystem - node loaded
01/05/2022 23:35:12 INFO     MapChunkManager - node loaded
01/05/2022 23:35:12 INFO     MapChunkSystem - loaded
01/05/2022 23:35:12 INFO     SaveSystem - loaded
01/05/2022 23:35:12 INFO     SaveSystem node loaded
01/05/2022 23:35:12 INFO     MapManager node loaded
01/05/2022 23:35:12 INFO     MapSystem node loaded
01/05/2022 23:35:13 INFO     SaveSystem - save_file(house,[],[])
01/05/2022 23:35:13 INFO     SaveSystem - loaded
01/05/2022 23:35:13 INFO     SaveSystem - node loaded
01/05/2022 23:35:13 INFO     ArticleManager - node loaded
01/05/2022 23:35:13 INFO     ArticleSystem - node loaded
01/05/2022 23:35:13 INFO     ShortcutSettings - Node loadded
01/05/2022 23:35:13 INFO     ProjectSettingsManager - Node loadded
01/05/2022 23:35:13 INFO     SaveSystem - loaded
01/05/2022 23:35:13 INFO     SaveSystem - loaded
01/05/2022 23:35:13 INFO     SaveSystem - loaded
01/05/2022 23:35:13 INFO     SaveSystem - node loaded
01/05/2022 23:35:13 INFO     MapChunkManager - node loaded
01/05/2022 23:35:13 INFO     MapChunkSystem - loaded
01/05/2022 23:35:13 INFO     SaveSystem - loaded
01/05/2022 23:35:13 INFO     SaveSystem node loaded
01/05/2022 23:35:13 INFO     MapManager node loaded
01/05/2022 23:35:13 INFO     MapSystem node loaded
01/05/2022 23:35:13 INFO     SaveSystem - save_file(house,[],[])
01/05/2022 23:35:13 INFO     SaveSystem - loaded
01/05/2022 23:35:13 INFO     SaveSystem - node loaded
01/05/2022 23:35:13 INFO     ArticleManager - node loaded
01/05/2022 23:35:13 INFO     ArticleSystem - node loaded
01/05/2022 23:40:02 INFO     SystemSettings loaded
01/05/2022 23:40:02 INFO     SaveSystem - loaded
01/05/2022 23:40:02 INFO     SaveSystem - loaded
01/05/2022 23:40:02 INFO     SaveSystem - loaded
01/05/2022 23:40:02 INFO     SaveSystem - node loaded
01/05/2022 23:40:02 INFO     MapChunkManager - node loaded
01/05/2022 23:40:02 INFO     MapChunkSystem - loaded
01/05/2022 23:40:02 INFO     SaveSystem - loaded
01/05/2022 23:40:02 INFO     SaveSystem node loaded
01/05/2022 23:40:02 INFO     MapManager node loaded
01/05/2022 23:40:02 INFO     MapSystem node loaded
01/05/2022 23:40:03 INFO     SaveSystem - save_file(house,[],[])
01/05/2022 23:40:03 INFO     SaveSystem - loaded
01/05/2022 23:40:03 INFO     SaveSystem - node loaded
01/05/2022 23:40:03 INFO     ArticleManager - node loaded
01/05/2022 23:40:03 INFO     ArticleSystem - node loaded
01/05/2022 23:40:03 INFO     ShortcutSettings - Node loadded
01/05/2022 23:40:03 INFO     ProjectSettingsManager - Node loadded
01/05/2022 23:40:03 INFO     SaveSystem - loaded
01/05/2022 23:40:03 INFO     SaveSystem - loaded
01/05/2022 23:40:03 INFO     SaveSystem - loaded
01/05/2022 23:40:03 INFO     SaveSystem - node loaded
01/05/2022 23:40:03 INFO     MapChunkManager - node loaded
01/05/2022 23:40:03 INFO     MapChunkSystem - loaded
01/05/2022 23:40:03 INFO     SaveSystem - loaded
01/05/2022 23:40:03 INFO     SaveSystem node loaded
01/05/2022 23:40:03 INFO     MapManager node loaded
01/05/2022 23:40:03 INFO     MapSystem node loaded
01/05/2022 23:40:03 INFO     SaveSystem - save_file(house,[],[])
01/05/2022 23:40:03 INFO     SaveSystem - loaded
01/05/2022 23:40:03 INFO     SaveSystem - node loaded
01/05/2022 23:40:03 INFO     ArticleManager - node loaded
01/05/2022 23:40:03 INFO     ArticleSystem - node loaded
01/05/2022 23:43:22 INFO     SystemSettings loaded
01/05/2022 23:43:22 INFO     SaveSystem - loaded
01/05/2022 23:43:22 INFO     SaveSystem - loaded
01/05/2022 23:43:22 INFO     SaveSystem - loaded
01/05/2022 23:43:22 INFO     SaveSystem - node loaded
01/05/2022 23:43:22 INFO     MapChunkManager - node loaded
01/05/2022 23:43:22 INFO     MapChunkSystem - loaded
01/05/2022 23:43:22 INFO     SaveSystem - loaded
01/05/2022 23:43:22 INFO     SaveSystem node loaded
01/05/2022 23:43:22 INFO     MapManager node loaded
01/05/2022 23:43:22 INFO     MapSystem node loaded
01/05/2022 23:43:23 INFO     SaveSystem - save_file(house,[],[])
01/05/2022 23:43:23 INFO     SaveSystem - loaded
01/05/2022 23:43:23 INFO     SaveSystem - node loaded
01/05/2022 23:43:23 INFO     ArticleManager - node loaded
01/05/2022 23:43:23 INFO     ArticleSystem - node loaded
01/05/2022 23:43:23 INFO     ShortcutSettings - Node loadded
01/05/2022 23:43:23 INFO     ProjectSettingsManager - Node loadded
01/05/2022 23:43:23 INFO     SaveSystem - loaded
01/05/2022 23:43:23 INFO     SaveSystem - loaded
01/05/2022 23:43:23 INFO     SaveSystem - loaded
01/05/2022 23:43:23 INFO     SaveSystem - node loaded
01/05/2022 23:43:23 INFO     MapChunkManager - node loaded
01/05/2022 23:43:23 INFO     MapChunkSystem - loaded
01/05/2022 23:43:23 INFO     SaveSystem - loaded
01/05/2022 23:43:23 INFO     SaveSystem node loaded
01/05/2022 23:43:23 INFO     MapManager node loaded
01/05/2022 23:43:23 INFO     MapSystem node loaded
01/05/2022 23:43:23 INFO     SaveSystem - save_file(house,[],[])
01/05/2022 23:43:23 INFO     SaveSystem - loaded
01/05/2022 23:43:23 INFO     SaveSystem - node loaded
01/05/2022 23:43:23 INFO     ArticleManager - node loaded
01/05/2022 23:43:23 INFO     ArticleSystem - node loaded
01/05/2022 23:47:30 INFO     SystemSettings loaded
01/05/2022 23:47:30 INFO     SaveSystem - loaded
01/05/2022 23:47:30 INFO     SaveSystem - loaded
01/05/2022 23:47:30 INFO     SaveSystem - loaded
01/05/2022 23:47:30 INFO     SaveSystem - node loaded
01/05/2022 23:47:30 INFO     MapChunkManager - node loaded
01/05/2022 23:47:30 INFO     MapChunkSystem - loaded
01/05/2022 23:47:30 INFO     SaveSystem - loaded
01/05/2022 23:47:30 INFO     SaveSystem node loaded
01/05/2022 23:47:30 INFO     MapManager node loaded
01/05/2022 23:47:30 INFO     MapSystem node loaded
01/05/2022 23:47:31 INFO     SaveSystem - save_file(house,[[], [], [], [], [], [], [], [], [], [], [], [], [], [], []],[])
01/05/2022 23:47:31 INFO     SaveSystem - loaded
01/05/2022 23:47:31 INFO     SaveSystem - node loaded
01/05/2022 23:47:31 INFO     ArticleManager - node loaded
01/05/2022 23:47:31 INFO     ArticleSystem - node loaded
01/05/2022 23:47:31 INFO     ShortcutSettings - Node loadded
01/05/2022 23:47:31 INFO     ProjectSettingsManager - Node loadded
01/05/2022 23:47:31 INFO     SaveSystem - loaded
01/05/2022 23:47:31 INFO     SaveSystem - loaded
01/05/2022 23:47:31 INFO     SaveSystem - loaded
01/05/2022 23:47:31 INFO     SaveSystem - node loaded
01/05/2022 23:47:31 INFO     MapChunkManager - node loaded
01/05/2022 23:47:31 INFO     MapChunkSystem - loaded
01/05/2022 23:47:31 INFO     SaveSystem - loaded
01/05/2022 23:47:31 INFO     SaveSystem node loaded
01/05/2022 23:47:31 INFO     MapManager node loaded
01/05/2022 23:47:31 INFO     MapSystem node loaded
01/05/2022 23:47:31 INFO     SaveSystem - save_file(house,[[], [], [], [], [], [], [], [], [], [], [], [], [], [], []],[])
01/05/2022 23:47:31 INFO     SaveSystem - loaded
01/05/2022 23:47:31 INFO     SaveSystem - node loaded
01/05/2022 23:47:31 INFO     ArticleManager - node loaded
01/05/2022 23:47:31 INFO     ArticleSystem - node loaded
01/05/2022 23:52:47 INFO     SystemSettings loaded
01/05/2022 23:52:47 INFO     SaveSystem - loaded
01/05/2022 23:52:47 INFO     SaveSystem - loaded
01/05/2022 23:52:47 INFO     SaveSystem - loaded
01/05/2022 23:52:47 INFO     SaveSystem - node loaded
01/05/2022 23:52:47 INFO     MapChunkManager - node loaded
01/05/2022 23:52:47 INFO     MapChunkSystem - loaded
01/05/2022 23:52:47 INFO     SaveSystem - loaded
01/05/2022 23:52:47 INFO     SaveSystem node loaded
01/05/2022 23:52:47 INFO     MapManager node loaded
01/05/2022 23:52:47 INFO     MapSystem node loaded
01/05/2022 23:52:47 INFO     SaveSystem - save_file(house,[[], [], [], [], [], [], [], [], [], [], [], [], [], [], []],[])
01/05/2022 23:52:47 INFO     SaveSystem - loaded
01/05/2022 23:52:47 INFO     SaveSystem - node loaded
01/05/2022 23:52:47 INFO     ArticleManager - node loaded
01/05/2022 23:52:47 INFO     ArticleSystem - node loaded
01/05/2022 23:52:47 INFO     ShortcutSettings - Node loadded
01/05/2022 23:52:47 INFO     ProjectSettingsManager - Node loadded
01/05/2022 23:52:47 INFO     SaveSystem - loaded
01/05/2022 23:52:47 INFO     SaveSystem - loaded
01/05/2022 23:52:47 INFO     SaveSystem - loaded
01/05/2022 23:52:47 INFO     SaveSystem - node loaded
01/05/2022 23:52:47 INFO     MapChunkManager - node loaded
01/05/2022 23:52:47 INFO     MapChunkSystem - loaded
01/05/2022 23:52:47 INFO     SaveSystem - loaded
01/05/2022 23:52:47 INFO     SaveSystem node loaded
01/05/2022 23:52:47 INFO     MapManager node loaded
01/05/2022 23:52:47 INFO     MapSystem node loaded
01/05/2022 23:52:48 INFO     SaveSystem - save_file(house,[[], [], [], [], [], [], [], [], [], [], [], [], [], [], []],[])
01/05/2022 23:52:48 INFO     SaveSystem - loaded
01/05/2022 23:52:48 INFO     SaveSystem - node loaded
01/05/2022 23:52:48 INFO     ArticleManager - node loaded
01/05/2022 23:52:48 INFO     ArticleSystem - node loaded
