03/10/2022 12:43:10 INFO     SystemSettings loaded
03/10/2022 12:43:10 INFO     ShortcutSettings - Node loadded
03/10/2022 12:43:10 INFO     ProjectSettingsManager - Node loadded
03/10/2022 12:43:10 INFO     ProjectSettingsManager - open_project()
03/10/2022 12:43:10 INFO     ShortcutSettings - delete_old_keys()
03/10/2022 12:43:10 INFO     ShortcutSettings - setup_keys()
03/10/2022 12:43:28 INFO     SystemSettings loaded
03/10/2022 12:43:28 INFO     ShortcutSettings - Node loadded
03/10/2022 12:43:28 INFO     ProjectSettingsManager - Node loadded
03/10/2022 12:43:28 INFO     ProjectSettingsManager - open_project()
03/10/2022 12:43:28 INFO     ShortcutSettings - delete_old_keys()
03/10/2022 12:43:28 INFO     ShortcutSettings - setup_keys()
03/10/2022 12:43:40 INFO     SystemSettings loaded
03/10/2022 12:43:40 INFO     ShortcutSettings - Node loadded
03/10/2022 12:43:40 INFO     ProjectSettingsManager - Node loadded
03/10/2022 12:43:40 INFO     ProjectSettingsManager - open_project()
03/10/2022 12:43:40 INFO     ShortcutSettings - delete_old_keys()
03/10/2022 12:43:40 INFO     ShortcutSettings - setup_keys()
03/10/2022 13:30:24 INFO     SystemSettings loaded
03/10/2022 13:30:24 INFO     ShortcutSettings - Node loadded
03/10/2022 13:30:24 INFO     ProjectSettingsManager - Node loadded
03/10/2022 13:30:24 INFO     ProjectSettingsManager - open_project()
03/10/2022 13:30:24 INFO     ShortcutSettings - delete_old_keys()
03/10/2022 13:30:24 INFO     ShortcutSettings - setup_keys()
03/10/2022 13:32:05 INFO     SystemSettings loaded
03/10/2022 13:32:05 INFO     ShortcutSettings - Node loadded
03/10/2022 13:32:05 INFO     ProjectSettingsManager - Node loadded
03/10/2022 13:32:05 INFO     ProjectSettingsManager - open_project()
03/10/2022 13:32:05 INFO     ShortcutSettings - delete_old_keys()
03/10/2022 13:32:05 INFO     ShortcutSettings - setup_keys()
03/10/2022 13:32:16 INFO     SystemSettings loaded
03/10/2022 13:32:16 INFO     ShortcutSettings - Node loadded
03/10/2022 13:32:16 INFO     ProjectSettingsManager - Node loadded
03/10/2022 13:32:16 INFO     ProjectSettingsManager - open_project()
03/10/2022 13:32:16 INFO     ShortcutSettings - delete_old_keys()
03/10/2022 13:32:16 INFO     ShortcutSettings - setup_keys()
03/10/2022 13:32:34 INFO     SystemSettings loaded
03/10/2022 13:32:34 INFO     ShortcutSettings - Node loadded
03/10/2022 13:32:34 INFO     ProjectSettingsManager - Node loadded
03/10/2022 13:32:34 INFO     ProjectSettingsManager - open_project()
03/10/2022 13:32:34 INFO     ShortcutSettings - delete_old_keys()
03/10/2022 13:32:34 INFO     ShortcutSettings - setup_keys()
03/10/2022 13:35:24 INFO     SystemSettings loaded
03/10/2022 13:35:24 INFO     ShortcutSettings - Node loadded
03/10/2022 13:35:24 INFO     ProjectSettingsManager - Node loadded
03/10/2022 13:35:24 INFO     ProjectSettingsManager - open_project()
03/10/2022 13:35:24 INFO     ShortcutSettings - delete_old_keys()
03/10/2022 13:35:24 INFO     ShortcutSettings - setup_keys()
03/10/2022 13:38:47 INFO     SystemSettings loaded
03/10/2022 13:38:47 INFO     ShortcutSettings - Node loadded
03/10/2022 13:38:47 INFO     ProjectSettingsManager - Node loadded
03/10/2022 13:38:47 INFO     ProjectSettingsManager - open_project()
03/10/2022 13:38:47 INFO     ShortcutSettings - delete_old_keys()
03/10/2022 13:38:47 INFO     ShortcutSettings - setup_keys()
03/10/2022 13:38:52 INFO     SystemSettings loaded
03/10/2022 13:38:52 INFO     ShortcutSettings - Node loadded
03/10/2022 13:38:52 INFO     ProjectSettingsManager - Node loadded
03/10/2022 13:38:52 INFO     ProjectSettingsManager - open_project()
03/10/2022 13:38:52 INFO     ShortcutSettings - delete_old_keys()
03/10/2022 13:38:52 INFO     ShortcutSettings - setup_keys()
03/10/2022 13:39:29 INFO     SystemSettings loaded
03/10/2022 13:39:29 INFO     ShortcutSettings - Node loadded
03/10/2022 13:39:29 INFO     ProjectSettingsManager - Node loadded
03/10/2022 13:39:29 INFO     ProjectSettingsManager - open_project()
03/10/2022 13:39:29 INFO     ShortcutSettings - delete_old_keys()
03/10/2022 13:39:29 INFO     ShortcutSettings - setup_keys()
03/10/2022 13:40:01 INFO     SystemSettings loaded
03/10/2022 13:40:01 INFO     ShortcutSettings - Node loadded
03/10/2022 13:40:01 INFO     ProjectSettingsManager - Node loadded
03/10/2022 13:40:01 INFO     ProjectSettingsManager - open_project()
03/10/2022 13:40:01 INFO     ShortcutSettings - delete_old_keys()
03/10/2022 13:40:01 INFO     ShortcutSettings - setup_keys()
03/10/2022 13:40:13 INFO     SystemSettings loaded
03/10/2022 13:40:13 INFO     ShortcutSettings - Node loadded
03/10/2022 13:40:13 INFO     ProjectSettingsManager - Node loadded
03/10/2022 13:40:13 INFO     ProjectSettingsManager - open_project()
03/10/2022 13:40:13 INFO     ShortcutSettings - delete_old_keys()
03/10/2022 13:40:13 INFO     ShortcutSettings - setup_keys()
03/10/2022 13:40:23 INFO     SystemSettings loaded
03/10/2022 13:40:23 INFO     ShortcutSettings - Node loadded
03/10/2022 13:40:23 INFO     ProjectSettingsManager - Node loadded
03/10/2022 13:40:23 INFO     ProjectSettingsManager - open_project()
03/10/2022 13:40:23 INFO     ShortcutSettings - delete_old_keys()
03/10/2022 13:40:23 INFO     ShortcutSettings - setup_keys()
03/10/2022 14:27:21 INFO     SystemSettings loaded
03/10/2022 14:27:21 INFO     ShortcutSettings - Node loadded
03/10/2022 14:27:21 INFO     ProjectSettingsManager - Node loadded
03/10/2022 14:27:21 INFO     ProjectSettingsManager - open_project()
03/10/2022 14:27:21 INFO     ShortcutSettings - delete_old_keys()
03/10/2022 14:27:21 INFO     ShortcutSettings - setup_keys()
03/10/2022 14:27:49 INFO     SystemSettings loaded
03/10/2022 14:27:49 INFO     ShortcutSettings - Node loadded
03/10/2022 14:27:49 INFO     ProjectSettingsManager - Node loadded
03/10/2022 14:27:49 INFO     ProjectSettingsManager - open_project()
03/10/2022 14:27:49 INFO     ShortcutSettings - delete_old_keys()
03/10/2022 14:27:49 INFO     ShortcutSettings - setup_keys()
03/10/2022 14:28:16 INFO     SystemSettings loaded
03/10/2022 14:28:16 INFO     ShortcutSettings - Node loadded
03/10/2022 14:28:16 INFO     ProjectSettingsManager - Node loadded
03/10/2022 14:28:16 INFO     ProjectSettingsManager - open_project()
03/10/2022 14:28:16 INFO     ShortcutSettings - delete_old_keys()
03/10/2022 14:28:16 INFO     ShortcutSettings - setup_keys()
03/10/2022 14:29:22 INFO     SystemSettings loaded
03/10/2022 14:29:22 INFO     ShortcutSettings - Node loadded
03/10/2022 14:29:22 INFO     ProjectSettingsManager - Node loadded
03/10/2022 14:29:22 INFO     ProjectSettingsManager - open_project()
03/10/2022 14:29:22 INFO     ShortcutSettings - delete_old_keys()
03/10/2022 14:29:22 INFO     ShortcutSettings - setup_keys()
03/10/2022 14:29:32 INFO     SystemSettings loaded
03/10/2022 14:29:32 INFO     ShortcutSettings - Node loadded
03/10/2022 14:29:32 INFO     ProjectSettingsManager - Node loadded
03/10/2022 14:29:32 INFO     ProjectSettingsManager - open_project()
03/10/2022 14:29:32 INFO     ShortcutSettings - delete_old_keys()
03/10/2022 14:29:32 INFO     ShortcutSettings - setup_keys()
03/10/2022 14:29:53 INFO     SystemSettings loaded
03/10/2022 14:29:53 INFO     ShortcutSettings - Node loadded
03/10/2022 14:29:53 INFO     ProjectSettingsManager - Node loadded
03/10/2022 14:29:53 INFO     ProjectSettingsManager - open_project()
03/10/2022 14:29:53 INFO     ShortcutSettings - delete_old_keys()
03/10/2022 14:29:53 INFO     ShortcutSettings - setup_keys()
03/10/2022 14:30:11 INFO     SystemSettings loaded
03/10/2022 14:30:11 INFO     ShortcutSettings - Node loadded
03/10/2022 14:30:11 INFO     ProjectSettingsManager - Node loadded
03/10/2022 14:30:11 INFO     ProjectSettingsManager - open_project()
03/10/2022 14:30:11 INFO     ShortcutSettings - delete_old_keys()
03/10/2022 14:30:11 INFO     ShortcutSettings - setup_keys()
03/10/2022 14:30:20 INFO     SystemSettings loaded
03/10/2022 14:30:20 INFO     ShortcutSettings - Node loadded
03/10/2022 14:30:20 INFO     ProjectSettingsManager - Node loadded
03/10/2022 14:30:20 INFO     ProjectSettingsManager - open_project()
03/10/2022 14:30:20 INFO     ShortcutSettings - delete_old_keys()
03/10/2022 14:30:20 INFO     ShortcutSettings - setup_keys()
03/10/2022 14:31:40 INFO     SystemSettings loaded
03/10/2022 14:31:40 INFO     ShortcutSettings - Node loadded
03/10/2022 14:31:40 INFO     ProjectSettingsManager - Node loadded
03/10/2022 14:31:40 INFO     ProjectSettingsManager - open_project()
03/10/2022 14:31:40 INFO     ShortcutSettings - delete_old_keys()
03/10/2022 14:31:40 INFO     ShortcutSettings - setup_keys()
03/10/2022 14:31:47 INFO     SystemSettings loaded
03/10/2022 14:31:47 INFO     ShortcutSettings - Node loadded
03/10/2022 14:31:47 INFO     ProjectSettingsManager - Node loadded
03/10/2022 14:31:47 INFO     ProjectSettingsManager - open_project()
03/10/2022 14:31:47 INFO     ShortcutSettings - delete_old_keys()
03/10/2022 14:31:47 INFO     ShortcutSettings - setup_keys()
03/10/2022 14:32:55 INFO     SystemSettings loaded
03/10/2022 14:32:55 INFO     ShortcutSettings - Node loadded
03/10/2022 14:32:55 INFO     ProjectSettingsManager - Node loadded
03/10/2022 14:32:55 INFO     ProjectSettingsManager - open_project()
03/10/2022 14:32:55 INFO     ShortcutSettings - delete_old_keys()
03/10/2022 14:32:55 INFO     ShortcutSettings - setup_keys()
03/10/2022 14:39:49 INFO     SystemSettings loaded
03/10/2022 14:39:49 INFO     ShortcutSettings - Node loadded
03/10/2022 14:39:49 INFO     ProjectSettingsManager - Node loadded
03/10/2022 14:39:49 INFO     ProjectSettingsManager - open_project()
03/10/2022 14:39:49 INFO     ShortcutSettings - delete_old_keys()
03/10/2022 14:39:49 INFO     ShortcutSettings - setup_keys()
03/10/2022 14:42:21 INFO     SystemSettings loaded
03/10/2022 14:42:21 INFO     ShortcutSettings - Node loadded
03/10/2022 14:42:21 INFO     ProjectSettingsManager - Node loadded
03/10/2022 14:42:21 INFO     ProjectSettingsManager - open_project()
03/10/2022 14:42:21 INFO     ShortcutSettings - delete_old_keys()
03/10/2022 14:42:21 INFO     ShortcutSettings - setup_keys()
03/10/2022 14:43:45 INFO     SystemSettings loaded
03/10/2022 14:43:45 INFO     ShortcutSettings - Node loadded
03/10/2022 14:43:45 INFO     ProjectSettingsManager - Node loadded
03/10/2022 14:43:45 INFO     ProjectSettingsManager - open_project()
03/10/2022 14:43:45 INFO     ShortcutSettings - delete_old_keys()
03/10/2022 14:43:45 INFO     ShortcutSettings - setup_keys()
03/10/2022 14:44:35 INFO     SystemSettings loaded
03/10/2022 14:44:35 INFO     ShortcutSettings - Node loadded
03/10/2022 14:44:35 INFO     ProjectSettingsManager - Node loadded
03/10/2022 14:44:35 INFO     ProjectSettingsManager - open_project()
03/10/2022 14:44:35 INFO     ShortcutSettings - delete_old_keys()
03/10/2022 14:44:35 INFO     ShortcutSettings - setup_keys()
03/10/2022 14:45:37 INFO     SystemSettings loaded
03/10/2022 14:45:37 INFO     ShortcutSettings - Node loadded
03/10/2022 14:45:37 INFO     ProjectSettingsManager - Node loadded
03/10/2022 14:45:37 INFO     ProjectSettingsManager - open_project()
03/10/2022 14:45:37 INFO     ShortcutSettings - delete_old_keys()
03/10/2022 14:45:37 INFO     ShortcutSettings - setup_keys()
03/10/2022 14:45:44 INFO     SystemSettings loaded
03/10/2022 14:45:44 INFO     ShortcutSettings - Node loadded
03/10/2022 14:45:44 INFO     ProjectSettingsManager - Node loadded
03/10/2022 14:45:44 INFO     ProjectSettingsManager - open_project()
03/10/2022 14:45:44 INFO     ShortcutSettings - delete_old_keys()
03/10/2022 14:45:44 INFO     ShortcutSettings - setup_keys()
03/10/2022 14:46:16 INFO     SystemSettings loaded
03/10/2022 14:46:16 INFO     ShortcutSettings - Node loadded
03/10/2022 14:46:16 INFO     ProjectSettingsManager - Node loadded
03/10/2022 14:46:16 INFO     ProjectSettingsManager - open_project()
03/10/2022 14:46:16 INFO     ShortcutSettings - delete_old_keys()
03/10/2022 14:46:16 INFO     ShortcutSettings - setup_keys()
03/10/2022 14:46:59 INFO     SystemSettings loaded
03/10/2022 14:46:59 INFO     ShortcutSettings - Node loadded
03/10/2022 14:46:59 INFO     ProjectSettingsManager - Node loadded
03/10/2022 14:46:59 INFO     ProjectSettingsManager - open_project()
03/10/2022 14:46:59 INFO     ShortcutSettings - delete_old_keys()
03/10/2022 14:46:59 INFO     ShortcutSettings - setup_keys()
03/10/2022 14:47:35 INFO     SystemSettings loaded
03/10/2022 14:47:35 INFO     ShortcutSettings - Node loadded
03/10/2022 14:47:35 INFO     ProjectSettingsManager - Node loadded
03/10/2022 14:47:35 INFO     ProjectSettingsManager - open_project()
03/10/2022 14:47:35 INFO     ShortcutSettings - delete_old_keys()
03/10/2022 14:47:35 INFO     ShortcutSettings - setup_keys()
03/10/2022 14:47:49 INFO     SystemSettings loaded
03/10/2022 14:47:49 INFO     ShortcutSettings - Node loadded
03/10/2022 14:47:49 INFO     ProjectSettingsManager - Node loadded
03/10/2022 14:47:49 INFO     ProjectSettingsManager - open_project()
03/10/2022 14:47:49 INFO     ShortcutSettings - delete_old_keys()
03/10/2022 14:47:49 INFO     ShortcutSettings - setup_keys()
03/10/2022 14:48:06 INFO     SystemSettings loaded
03/10/2022 14:48:06 INFO     ShortcutSettings - Node loadded
03/10/2022 14:48:06 INFO     ProjectSettingsManager - Node loadded
03/10/2022 14:48:06 INFO     ProjectSettingsManager - open_project()
03/10/2022 14:48:06 INFO     ShortcutSettings - delete_old_keys()
03/10/2022 14:48:06 INFO     ShortcutSettings - setup_keys()
03/10/2022 14:48:20 INFO     SystemSettings loaded
03/10/2022 14:48:20 INFO     ShortcutSettings - Node loadded
03/10/2022 14:48:20 INFO     ProjectSettingsManager - Node loadded
03/10/2022 14:48:20 INFO     ProjectSettingsManager - open_project()
03/10/2022 14:48:20 INFO     ShortcutSettings - delete_old_keys()
03/10/2022 14:48:20 INFO     ShortcutSettings - setup_keys()
03/10/2022 14:49:38 INFO     SystemSettings loaded
03/10/2022 14:49:38 INFO     ShortcutSettings - Node loadded
03/10/2022 14:49:38 INFO     ProjectSettingsManager - Node loadded
03/10/2022 14:49:38 INFO     ProjectSettingsManager - open_project()
03/10/2022 14:49:38 INFO     ShortcutSettings - delete_old_keys()
03/10/2022 14:49:38 INFO     ShortcutSettings - setup_keys()
03/10/2022 14:49:55 INFO     SystemSettings loaded
03/10/2022 14:49:55 INFO     ShortcutSettings - Node loadded
03/10/2022 14:49:55 INFO     ProjectSettingsManager - Node loadded
03/10/2022 14:49:55 INFO     ProjectSettingsManager - open_project()
03/10/2022 14:49:55 INFO     ShortcutSettings - delete_old_keys()
03/10/2022 14:49:55 INFO     ShortcutSettings - setup_keys()
03/10/2022 14:50:39 INFO     SystemSettings loaded
03/10/2022 14:50:39 INFO     ShortcutSettings - Node loadded
03/10/2022 14:50:39 INFO     ProjectSettingsManager - Node loadded
03/10/2022 14:50:39 INFO     ProjectSettingsManager - open_project()
03/10/2022 14:50:39 INFO     ShortcutSettings - delete_old_keys()
03/10/2022 14:50:39 INFO     ShortcutSettings - setup_keys()
03/10/2022 14:50:44 INFO     SystemSettings loaded
03/10/2022 14:50:44 INFO     ShortcutSettings - Node loadded
03/10/2022 14:50:44 INFO     ProjectSettingsManager - Node loadded
03/10/2022 14:50:44 INFO     ProjectSettingsManager - open_project()
03/10/2022 14:50:44 INFO     ShortcutSettings - delete_old_keys()
03/10/2022 14:50:44 INFO     ShortcutSettings - setup_keys()
03/10/2022 14:52:56 INFO     SystemSettings loaded
03/10/2022 14:52:56 INFO     ShortcutSettings - Node loadded
03/10/2022 14:52:56 INFO     ProjectSettingsManager - Node loadded
03/10/2022 14:52:56 INFO     ProjectSettingsManager - open_project()
03/10/2022 14:52:56 INFO     ShortcutSettings - delete_old_keys()
03/10/2022 14:52:56 INFO     ShortcutSettings - setup_keys()
03/10/2022 14:52:56 INFO     NewProject - node loaded
03/10/2022 14:52:56 INFO     MainMenu - node loaded
03/10/2022 14:53:31 INFO     SystemSettings loaded
03/10/2022 14:53:31 INFO     ShortcutSettings - Node loadded
03/10/2022 14:53:31 INFO     ProjectSettingsManager - Node loadded
03/10/2022 14:53:31 INFO     ProjectSettingsManager - open_project()
03/10/2022 14:53:31 INFO     ShortcutSettings - delete_old_keys()
03/10/2022 14:53:31 INFO     ShortcutSettings - setup_keys()
03/10/2022 14:53:42 INFO     SystemSettings loaded
03/10/2022 14:53:42 INFO     ShortcutSettings - Node loadded
03/10/2022 14:53:42 INFO     ProjectSettingsManager - Node loadded
03/10/2022 14:53:42 INFO     ProjectSettingsManager - open_project()
03/10/2022 14:53:42 INFO     ShortcutSettings - delete_old_keys()
03/10/2022 14:53:42 INFO     ShortcutSettings - setup_keys()
03/10/2022 14:53:55 INFO     SystemSettings loaded
03/10/2022 14:53:55 INFO     ShortcutSettings - Node loadded
03/10/2022 14:53:55 INFO     ProjectSettingsManager - Node loadded
03/10/2022 14:53:55 INFO     ProjectSettingsManager - open_project()
03/10/2022 14:53:55 INFO     ShortcutSettings - delete_old_keys()
03/10/2022 14:53:55 INFO     ShortcutSettings - setup_keys()
03/10/2022 22:16:51 INFO     SystemSettings loaded
03/10/2022 22:16:51 INFO     ShortcutSettings - Node loadded
03/10/2022 22:16:51 INFO     ProjectSettingsManager - Node loadded
03/10/2022 22:16:51 INFO     ProjectSettingsManager - open_project()
03/10/2022 22:16:51 INFO     ShortcutSettings - delete_old_keys()
03/10/2022 22:16:51 INFO     ShortcutSettings - setup_keys()
03/10/2022 22:41:30 INFO     SystemSettings loaded
03/10/2022 22:41:30 INFO     ShortcutSettings - Node loadded
03/10/2022 22:41:30 INFO     ProjectSettingsManager - Node loadded
03/10/2022 22:41:30 INFO     ProjectSettingsManager - open_project()
03/10/2022 22:41:30 INFO     ShortcutSettings - delete_old_keys()
03/10/2022 22:41:30 INFO     ShortcutSettings - setup_keys()
03/10/2022 22:41:37 INFO     SystemSettings loaded
03/10/2022 22:41:37 INFO     ShortcutSettings - Node loadded
03/10/2022 22:41:37 INFO     ProjectSettingsManager - Node loadded
03/10/2022 22:41:37 INFO     ProjectSettingsManager - open_project()
03/10/2022 22:41:37 INFO     ShortcutSettings - delete_old_keys()
03/10/2022 22:41:37 INFO     ShortcutSettings - setup_keys()
03/10/2022 22:41:48 INFO     SystemSettings loaded
03/10/2022 22:41:48 INFO     ShortcutSettings - Node loadded
03/10/2022 22:41:48 INFO     ProjectSettingsManager - Node loadded
03/10/2022 22:41:48 INFO     ProjectSettingsManager - open_project()
03/10/2022 22:41:48 INFO     ShortcutSettings - delete_old_keys()
03/10/2022 22:41:48 INFO     ShortcutSettings - setup_keys()
03/10/2022 22:42:24 INFO     SystemSettings loaded
03/10/2022 22:42:24 INFO     ShortcutSettings - Node loadded
03/10/2022 22:42:24 INFO     ProjectSettingsManager - Node loadded
03/10/2022 22:42:24 INFO     ProjectSettingsManager - open_project()
03/10/2022 22:42:24 INFO     ShortcutSettings - delete_old_keys()
03/10/2022 22:42:24 INFO     ShortcutSettings - setup_keys()
03/10/2022 22:42:33 INFO     SystemSettings loaded
03/10/2022 22:42:33 INFO     ShortcutSettings - Node loadded
03/10/2022 22:42:33 INFO     ProjectSettingsManager - Node loadded
03/10/2022 22:42:33 INFO     ProjectSettingsManager - open_project()
03/10/2022 22:42:33 INFO     ShortcutSettings - delete_old_keys()
03/10/2022 22:42:33 INFO     ShortcutSettings - setup_keys()
03/10/2022 22:42:42 INFO     SystemSettings loaded
03/10/2022 22:42:42 INFO     ShortcutSettings - Node loadded
03/10/2022 22:42:42 INFO     ProjectSettingsManager - Node loadded
03/10/2022 22:42:42 INFO     ProjectSettingsManager - open_project()
03/10/2022 22:42:42 INFO     ShortcutSettings - delete_old_keys()
03/10/2022 22:42:42 INFO     ShortcutSettings - setup_keys()
03/10/2022 22:42:51 INFO     SystemSettings loaded
03/10/2022 22:42:51 INFO     ShortcutSettings - Node loadded
03/10/2022 22:42:51 INFO     ProjectSettingsManager - Node loadded
03/10/2022 22:42:51 INFO     ProjectSettingsManager - open_project()
03/10/2022 22:42:51 INFO     ShortcutSettings - delete_old_keys()
03/10/2022 22:42:51 INFO     ShortcutSettings - setup_keys()
03/10/2022 22:43:12 INFO     SystemSettings loaded
03/10/2022 22:43:12 INFO     ShortcutSettings - Node loadded
03/10/2022 22:43:12 INFO     ProjectSettingsManager - Node loadded
03/10/2022 22:43:12 INFO     ProjectSettingsManager - open_project()
03/10/2022 22:43:12 INFO     ShortcutSettings - delete_old_keys()
03/10/2022 22:43:12 INFO     ShortcutSettings - setup_keys()
03/10/2022 22:43:20 INFO     SystemSettings loaded
03/10/2022 22:43:20 INFO     ShortcutSettings - Node loadded
03/10/2022 22:43:20 INFO     ProjectSettingsManager - Node loadded
03/10/2022 22:43:20 INFO     ProjectSettingsManager - open_project()
03/10/2022 22:43:20 INFO     ShortcutSettings - delete_old_keys()
03/10/2022 22:43:20 INFO     ShortcutSettings - setup_keys()
03/10/2022 22:43:33 INFO     SystemSettings loaded
03/10/2022 22:43:33 INFO     ShortcutSettings - Node loadded
03/10/2022 22:43:33 INFO     ProjectSettingsManager - Node loadded
03/10/2022 22:43:33 INFO     ProjectSettingsManager - open_project()
03/10/2022 22:43:33 INFO     ShortcutSettings - delete_old_keys()
03/10/2022 22:43:33 INFO     ShortcutSettings - setup_keys()
03/10/2022 22:43:52 INFO     SystemSettings loaded
03/10/2022 22:43:52 INFO     ShortcutSettings - Node loadded
03/10/2022 22:43:52 INFO     ProjectSettingsManager - Node loadded
03/10/2022 22:43:52 INFO     ProjectSettingsManager - open_project()
03/10/2022 22:43:52 INFO     ShortcutSettings - delete_old_keys()
03/10/2022 22:43:52 INFO     ShortcutSettings - setup_keys()
03/10/2022 22:44:17 INFO     SystemSettings loaded
03/10/2022 22:44:17 INFO     ShortcutSettings - Node loadded
03/10/2022 22:44:17 INFO     ProjectSettingsManager - Node loadded
03/10/2022 22:44:17 INFO     ProjectSettingsManager - open_project()
03/10/2022 22:44:17 INFO     ShortcutSettings - delete_old_keys()
03/10/2022 22:44:17 INFO     ShortcutSettings - setup_keys()
03/10/2022 23:35:50 INFO     SystemSettings loaded
03/10/2022 23:35:50 INFO     ShortcutSettings - Node loadded
03/10/2022 23:35:50 INFO     ProjectSettingsManager - Node loadded
03/10/2022 23:35:50 INFO     ProjectSettingsManager - open_project()
03/10/2022 23:35:50 INFO     ShortcutSettings - delete_old_keys()
03/10/2022 23:35:50 INFO     ShortcutSettings - setup_keys()
03/10/2022 23:41:31 INFO     SystemSettings loaded
03/10/2022 23:41:31 INFO     ShortcutSettings - Node loadded
03/10/2022 23:41:31 INFO     ProjectSettingsManager - Node loadded
03/10/2022 23:41:31 INFO     ProjectSettingsManager - open_project()
03/10/2022 23:41:31 INFO     ShortcutSettings - delete_old_keys()
03/10/2022 23:41:31 INFO     ShortcutSettings - setup_keys()
03/10/2022 23:41:50 INFO     SystemSettings loaded
03/10/2022 23:41:50 INFO     ShortcutSettings - Node loadded
03/10/2022 23:41:50 INFO     ProjectSettingsManager - Node loadded
03/10/2022 23:41:50 INFO     ProjectSettingsManager - open_project()
03/10/2022 23:41:50 INFO     ShortcutSettings - delete_old_keys()
03/10/2022 23:41:50 INFO     ShortcutSettings - setup_keys()
03/10/2022 23:42:05 INFO     SystemSettings loaded
03/10/2022 23:42:05 INFO     ShortcutSettings - Node loadded
03/10/2022 23:42:05 INFO     ProjectSettingsManager - Node loadded
03/10/2022 23:42:05 INFO     ProjectSettingsManager - open_project()
03/10/2022 23:42:05 INFO     ShortcutSettings - delete_old_keys()
03/10/2022 23:42:05 INFO     ShortcutSettings - setup_keys()
03/10/2022 23:42:15 INFO     SystemSettings loaded
03/10/2022 23:42:15 INFO     ShortcutSettings - Node loadded
03/10/2022 23:42:15 INFO     ProjectSettingsManager - Node loadded
03/10/2022 23:42:15 INFO     ProjectSettingsManager - open_project()
03/10/2022 23:42:15 INFO     ShortcutSettings - delete_old_keys()
03/10/2022 23:42:15 INFO     ShortcutSettings - setup_keys()
03/10/2022 23:42:26 INFO     SystemSettings loaded
03/10/2022 23:42:26 INFO     ShortcutSettings - Node loadded
03/10/2022 23:42:26 INFO     ProjectSettingsManager - Node loadded
03/10/2022 23:42:26 INFO     ProjectSettingsManager - open_project()
03/10/2022 23:42:26 INFO     ShortcutSettings - delete_old_keys()
03/10/2022 23:42:26 INFO     ShortcutSettings - setup_keys()
03/10/2022 23:43:50 INFO     SystemSettings loaded
03/10/2022 23:43:50 INFO     ShortcutSettings - Node loadded
03/10/2022 23:43:50 INFO     ProjectSettingsManager - Node loadded
03/10/2022 23:43:50 INFO     ProjectSettingsManager - open_project()
03/10/2022 23:43:50 INFO     ShortcutSettings - delete_old_keys()
03/10/2022 23:43:50 INFO     ShortcutSettings - setup_keys()
03/10/2022 23:44:08 INFO     SystemSettings loaded
03/10/2022 23:44:08 INFO     ShortcutSettings - Node loadded
03/10/2022 23:44:08 INFO     ProjectSettingsManager - Node loadded
03/10/2022 23:44:08 INFO     ProjectSettingsManager - open_project()
03/10/2022 23:44:08 INFO     ShortcutSettings - delete_old_keys()
03/10/2022 23:44:08 INFO     ShortcutSettings - setup_keys()
03/10/2022 23:44:20 INFO     SystemSettings loaded
03/10/2022 23:44:20 INFO     ShortcutSettings - Node loadded
03/10/2022 23:44:20 INFO     ProjectSettingsManager - Node loadded
03/10/2022 23:44:20 INFO     ProjectSettingsManager - open_project()
03/10/2022 23:44:20 INFO     ShortcutSettings - delete_old_keys()
03/10/2022 23:44:20 INFO     ShortcutSettings - setup_keys()
03/10/2022 23:45:32 INFO     SystemSettings loaded
03/10/2022 23:45:32 INFO     ShortcutSettings - Node loadded
03/10/2022 23:45:32 INFO     ProjectSettingsManager - Node loadded
03/10/2022 23:45:32 INFO     ProjectSettingsManager - open_project()
03/10/2022 23:45:32 INFO     ShortcutSettings - delete_old_keys()
03/10/2022 23:45:32 INFO     ShortcutSettings - setup_keys()
03/10/2022 23:45:58 INFO     SystemSettings loaded
03/10/2022 23:45:58 INFO     ShortcutSettings - Node loadded
03/10/2022 23:45:58 INFO     ProjectSettingsManager - Node loadded
03/10/2022 23:45:58 INFO     ProjectSettingsManager - open_project()
03/10/2022 23:45:58 INFO     ShortcutSettings - delete_old_keys()
03/10/2022 23:45:58 INFO     ShortcutSettings - setup_keys()
03/10/2022 23:46:10 INFO     SystemSettings loaded
03/10/2022 23:46:10 INFO     ShortcutSettings - Node loadded
03/10/2022 23:46:10 INFO     ProjectSettingsManager - Node loadded
03/10/2022 23:46:10 INFO     ProjectSettingsManager - open_project()
03/10/2022 23:46:10 INFO     ShortcutSettings - delete_old_keys()
03/10/2022 23:46:10 INFO     ShortcutSettings - setup_keys()
03/10/2022 23:46:39 INFO     SystemSettings loaded
03/10/2022 23:46:39 INFO     ShortcutSettings - Node loadded
03/10/2022 23:46:39 INFO     ProjectSettingsManager - Node loadded
03/10/2022 23:46:39 INFO     ProjectSettingsManager - open_project()
03/10/2022 23:46:39 INFO     ShortcutSettings - delete_old_keys()
03/10/2022 23:46:39 INFO     ShortcutSettings - setup_keys()
03/10/2022 23:50:01 INFO     SystemSettings loaded
03/10/2022 23:50:01 INFO     ShortcutSettings - Node loadded
03/10/2022 23:50:01 INFO     ProjectSettingsManager - Node loadded
03/10/2022 23:50:01 INFO     ProjectSettingsManager - open_project()
03/10/2022 23:50:01 INFO     ShortcutSettings - delete_old_keys()
03/10/2022 23:50:01 INFO     ShortcutSettings - setup_keys()
03/10/2022 23:50:31 INFO     SystemSettings loaded
03/10/2022 23:50:31 INFO     ShortcutSettings - Node loadded
03/10/2022 23:50:31 INFO     ProjectSettingsManager - Node loadded
03/10/2022 23:50:31 INFO     ProjectSettingsManager - open_project()
03/10/2022 23:50:31 INFO     ShortcutSettings - delete_old_keys()
03/10/2022 23:50:31 INFO     ShortcutSettings - setup_keys()
03/10/2022 23:50:51 INFO     SystemSettings loaded
03/10/2022 23:50:51 INFO     ShortcutSettings - Node loadded
03/10/2022 23:50:51 INFO     ProjectSettingsManager - Node loadded
03/10/2022 23:50:51 INFO     ProjectSettingsManager - open_project()
03/10/2022 23:50:51 INFO     ShortcutSettings - delete_old_keys()
03/10/2022 23:50:51 INFO     ShortcutSettings - setup_keys()
03/10/2022 23:51:03 INFO     SystemSettings loaded
03/10/2022 23:51:03 INFO     ShortcutSettings - Node loadded
03/10/2022 23:51:03 INFO     ProjectSettingsManager - Node loadded
03/10/2022 23:51:03 INFO     ProjectSettingsManager - open_project()
03/10/2022 23:51:03 INFO     ShortcutSettings - delete_old_keys()
03/10/2022 23:51:03 INFO     ShortcutSettings - setup_keys()
03/10/2022 23:52:18 INFO     SystemSettings loaded
03/10/2022 23:52:18 INFO     ShortcutSettings - Node loadded
03/10/2022 23:52:18 INFO     ProjectSettingsManager - Node loadded
03/10/2022 23:52:18 INFO     ProjectSettingsManager - open_project()
03/10/2022 23:52:18 INFO     ShortcutSettings - delete_old_keys()
03/10/2022 23:52:18 INFO     ShortcutSettings - setup_keys()
03/10/2022 23:55:46 INFO     SystemSettings loaded
03/10/2022 23:55:46 INFO     ShortcutSettings - Node loadded
03/10/2022 23:55:46 INFO     ProjectSettingsManager - Node loadded
03/10/2022 23:55:46 INFO     ProjectSettingsManager - open_project()
03/10/2022 23:55:46 INFO     ShortcutSettings - delete_old_keys()
03/10/2022 23:55:46 INFO     ShortcutSettings - setup_keys()
03/10/2022 23:55:52 INFO     SystemSettings loaded
03/10/2022 23:55:52 INFO     ShortcutSettings - Node loadded
03/10/2022 23:55:52 INFO     ProjectSettingsManager - Node loadded
03/10/2022 23:55:52 INFO     ProjectSettingsManager - open_project()
03/10/2022 23:55:52 INFO     ShortcutSettings - delete_old_keys()
03/10/2022 23:55:52 INFO     ShortcutSettings - setup_keys()
03/10/2022 23:56:18 INFO     SystemSettings loaded
03/10/2022 23:56:18 INFO     ShortcutSettings - Node loadded
03/10/2022 23:56:18 INFO     ProjectSettingsManager - Node loadded
03/10/2022 23:56:18 INFO     ProjectSettingsManager - open_project()
03/10/2022 23:56:18 INFO     ShortcutSettings - delete_old_keys()
03/10/2022 23:56:18 INFO     ShortcutSettings - setup_keys()
03/10/2022 23:56:23 INFO     SystemSettings loaded
03/10/2022 23:56:23 INFO     ShortcutSettings - Node loadded
03/10/2022 23:56:23 INFO     ProjectSettingsManager - Node loadded
03/10/2022 23:56:23 INFO     ProjectSettingsManager - open_project()
03/10/2022 23:56:23 INFO     ShortcutSettings - delete_old_keys()
03/10/2022 23:56:23 INFO     ShortcutSettings - setup_keys()
03/10/2022 23:57:55 INFO     SystemSettings loaded
03/10/2022 23:57:55 INFO     ShortcutSettings - Node loadded
03/10/2022 23:57:55 INFO     ProjectSettingsManager - Node loadded
03/10/2022 23:57:55 INFO     ProjectSettingsManager - open_project()
03/10/2022 23:57:55 INFO     ShortcutSettings - delete_old_keys()
03/10/2022 23:57:55 INFO     ShortcutSettings - setup_keys()
03/10/2022 23:58:34 INFO     SystemSettings loaded
03/10/2022 23:58:34 INFO     ShortcutSettings - Node loadded
03/10/2022 23:58:34 INFO     ProjectSettingsManager - Node loadded
03/10/2022 23:58:34 INFO     ProjectSettingsManager - open_project()
03/10/2022 23:58:34 INFO     ShortcutSettings - delete_old_keys()
03/10/2022 23:58:34 INFO     ShortcutSettings - setup_keys()
03/10/2022 23:58:51 INFO     SystemSettings loaded
03/10/2022 23:58:51 INFO     ShortcutSettings - Node loadded
03/10/2022 23:58:51 INFO     ProjectSettingsManager - Node loadded
03/10/2022 23:58:51 INFO     ProjectSettingsManager - open_project()
03/10/2022 23:58:51 INFO     ShortcutSettings - delete_old_keys()
03/10/2022 23:58:51 INFO     ShortcutSettings - setup_keys()
03/10/2022 23:59:00 INFO     SystemSettings loaded
03/10/2022 23:59:00 INFO     ShortcutSettings - Node loadded
03/10/2022 23:59:00 INFO     ProjectSettingsManager - Node loadded
03/10/2022 23:59:00 INFO     ProjectSettingsManager - open_project()
03/10/2022 23:59:00 INFO     ShortcutSettings - delete_old_keys()
03/10/2022 23:59:00 INFO     ShortcutSettings - setup_keys()
03/10/2022 23:59:41 INFO     SystemSettings loaded
03/10/2022 23:59:41 INFO     ShortcutSettings - Node loadded
03/10/2022 23:59:41 INFO     ProjectSettingsManager - Node loadded
03/10/2022 23:59:41 INFO     ProjectSettingsManager - open_project()
03/10/2022 23:59:41 INFO     ShortcutSettings - delete_old_keys()
03/10/2022 23:59:41 INFO     ShortcutSettings - setup_keys()
03/11/2022 00:00:53 INFO     SystemSettings loaded
03/11/2022 00:00:53 INFO     ShortcutSettings - Node loadded
03/11/2022 00:00:53 INFO     ProjectSettingsManager - Node loadded
03/11/2022 00:00:53 INFO     ProjectSettingsManager - open_project()
03/11/2022 00:00:53 INFO     ShortcutSettings - delete_old_keys()
03/11/2022 00:00:53 INFO     ShortcutSettings - setup_keys()
03/11/2022 00:01:33 INFO     SystemSettings loaded
03/11/2022 00:01:33 INFO     ShortcutSettings - Node loadded
03/11/2022 00:01:33 INFO     ProjectSettingsManager - Node loadded
03/11/2022 00:01:33 INFO     ProjectSettingsManager - open_project()
03/11/2022 00:01:33 INFO     ShortcutSettings - delete_old_keys()
03/11/2022 00:01:33 INFO     ShortcutSettings - setup_keys()
03/11/2022 00:03:31 INFO     SystemSettings loaded
03/11/2022 00:03:31 INFO     ShortcutSettings - Node loadded
03/11/2022 00:03:31 INFO     ProjectSettingsManager - Node loadded
03/11/2022 00:03:31 INFO     ProjectSettingsManager - open_project()
03/11/2022 00:03:31 INFO     ShortcutSettings - delete_old_keys()
03/11/2022 00:03:31 INFO     ShortcutSettings - setup_keys()
03/11/2022 00:04:28 INFO     SystemSettings loaded
03/11/2022 00:04:28 INFO     ShortcutSettings - Node loadded
03/11/2022 00:04:28 INFO     ProjectSettingsManager - Node loadded
03/11/2022 00:04:28 INFO     ProjectSettingsManager - open_project()
03/11/2022 00:04:28 INFO     ShortcutSettings - delete_old_keys()
03/11/2022 00:04:28 INFO     ShortcutSettings - setup_keys()
03/11/2022 00:05:07 INFO     SystemSettings loaded
03/11/2022 00:05:07 INFO     ShortcutSettings - Node loadded
03/11/2022 00:05:07 INFO     ProjectSettingsManager - Node loadded
03/11/2022 00:05:07 INFO     ProjectSettingsManager - open_project()
03/11/2022 00:05:07 INFO     ShortcutSettings - delete_old_keys()
03/11/2022 00:05:07 INFO     ShortcutSettings - setup_keys()
03/11/2022 00:05:36 INFO     SystemSettings loaded
03/11/2022 00:05:36 INFO     ShortcutSettings - Node loadded
03/11/2022 00:05:36 INFO     ProjectSettingsManager - Node loadded
03/11/2022 00:05:36 INFO     ProjectSettingsManager - open_project()
03/11/2022 00:05:36 INFO     ShortcutSettings - delete_old_keys()
03/11/2022 00:05:36 INFO     ShortcutSettings - setup_keys()
03/11/2022 00:16:29 INFO     SystemSettings loaded
03/11/2022 00:16:29 INFO     ShortcutSettings - Node loadded
03/11/2022 00:16:29 INFO     ProjectSettingsManager - Node loadded
03/11/2022 00:16:29 INFO     ProjectSettingsManager - open_project()
03/11/2022 00:16:29 INFO     ShortcutSettings - delete_old_keys()
03/11/2022 00:16:29 INFO     ShortcutSettings - setup_keys()
03/11/2022 00:17:20 INFO     SystemSettings loaded
03/11/2022 00:17:20 INFO     ShortcutSettings - Node loadded
03/11/2022 00:17:20 INFO     ProjectSettingsManager - Node loadded
03/11/2022 00:17:20 INFO     ProjectSettingsManager - open_project()
03/11/2022 00:17:20 INFO     ShortcutSettings - delete_old_keys()
03/11/2022 00:17:20 INFO     ShortcutSettings - setup_keys()
03/11/2022 00:17:57 INFO     SystemSettings loaded
03/11/2022 00:17:57 INFO     ShortcutSettings - Node loadded
03/11/2022 00:17:57 INFO     ProjectSettingsManager - Node loadded
03/11/2022 00:17:57 INFO     ProjectSettingsManager - open_project()
03/11/2022 00:17:57 INFO     ShortcutSettings - delete_old_keys()
03/11/2022 00:17:57 INFO     ShortcutSettings - setup_keys()
03/11/2022 00:18:04 INFO     SystemSettings loaded
03/11/2022 00:18:04 INFO     ShortcutSettings - Node loadded
03/11/2022 00:18:04 INFO     ProjectSettingsManager - Node loadded
03/11/2022 00:18:04 INFO     ProjectSettingsManager - open_project()
03/11/2022 00:18:04 INFO     ShortcutSettings - delete_old_keys()
03/11/2022 00:18:04 INFO     ShortcutSettings - setup_keys()
03/11/2022 00:25:12 INFO     SystemSettings loaded
03/11/2022 00:25:12 INFO     ShortcutSettings - Node loadded
03/11/2022 00:25:12 INFO     ProjectSettingsManager - Node loadded
03/11/2022 00:25:12 INFO     ProjectSettingsManager - open_project()
03/11/2022 00:25:12 INFO     ShortcutSettings - delete_old_keys()
03/11/2022 00:25:12 INFO     ShortcutSettings - setup_keys()
03/11/2022 00:25:17 INFO     SystemSettings loaded
03/11/2022 00:25:17 INFO     ShortcutSettings - Node loadded
03/11/2022 00:25:17 INFO     ProjectSettingsManager - Node loadded
03/11/2022 00:25:17 INFO     ProjectSettingsManager - open_project()
03/11/2022 00:25:17 INFO     ShortcutSettings - delete_old_keys()
03/11/2022 00:25:17 INFO     ShortcutSettings - setup_keys()
03/11/2022 00:25:25 INFO     SystemSettings loaded
03/11/2022 00:25:25 INFO     ShortcutSettings - Node loadded
03/11/2022 00:25:25 INFO     ProjectSettingsManager - Node loadded
03/11/2022 00:25:25 INFO     ProjectSettingsManager - open_project()
03/11/2022 00:25:25 INFO     ShortcutSettings - delete_old_keys()
03/11/2022 00:25:25 INFO     ShortcutSettings - setup_keys()
03/11/2022 00:25:37 INFO     SystemSettings loaded
03/11/2022 00:25:37 INFO     ShortcutSettings - Node loadded
03/11/2022 00:25:37 INFO     ProjectSettingsManager - Node loadded
03/11/2022 00:25:37 INFO     ProjectSettingsManager - open_project()
03/11/2022 00:25:37 INFO     ShortcutSettings - delete_old_keys()
03/11/2022 00:25:37 INFO     ShortcutSettings - setup_keys()
03/11/2022 00:26:51 INFO     SystemSettings loaded
03/11/2022 00:26:51 INFO     ShortcutSettings - Node loadded
03/11/2022 00:26:51 INFO     ProjectSettingsManager - Node loadded
03/11/2022 00:26:51 INFO     ProjectSettingsManager - open_project()
03/11/2022 00:26:51 INFO     ShortcutSettings - delete_old_keys()
03/11/2022 00:26:51 INFO     ShortcutSettings - setup_keys()
03/11/2022 00:26:59 INFO     SystemSettings loaded
03/11/2022 00:26:59 INFO     ShortcutSettings - Node loadded
03/11/2022 00:26:59 INFO     ProjectSettingsManager - Node loadded
03/11/2022 00:26:59 INFO     ProjectSettingsManager - open_project()
03/11/2022 00:26:59 INFO     ShortcutSettings - delete_old_keys()
03/11/2022 00:26:59 INFO     ShortcutSettings - setup_keys()
03/11/2022 00:27:14 INFO     SystemSettings loaded
03/11/2022 00:27:14 INFO     ShortcutSettings - Node loadded
03/11/2022 00:27:14 INFO     ProjectSettingsManager - Node loadded
03/11/2022 00:27:14 INFO     ProjectSettingsManager - open_project()
03/11/2022 00:27:14 INFO     ShortcutSettings - delete_old_keys()
03/11/2022 00:27:14 INFO     ShortcutSettings - setup_keys()
03/11/2022 00:27:35 INFO     SystemSettings loaded
03/11/2022 00:27:35 INFO     ShortcutSettings - Node loadded
03/11/2022 00:27:35 INFO     ProjectSettingsManager - Node loadded
03/11/2022 00:27:35 INFO     ProjectSettingsManager - open_project()
03/11/2022 00:27:35 INFO     ShortcutSettings - delete_old_keys()
03/11/2022 00:27:35 INFO     ShortcutSettings - setup_keys()
03/11/2022 00:27:47 INFO     SystemSettings loaded
03/11/2022 00:27:47 INFO     ShortcutSettings - Node loadded
03/11/2022 00:27:47 INFO     ProjectSettingsManager - Node loadded
03/11/2022 00:27:47 INFO     ProjectSettingsManager - open_project()
03/11/2022 00:27:47 INFO     ShortcutSettings - delete_old_keys()
03/11/2022 00:27:47 INFO     ShortcutSettings - setup_keys()
03/11/2022 00:28:24 INFO     SystemSettings loaded
03/11/2022 00:28:24 INFO     ShortcutSettings - Node loadded
03/11/2022 00:28:24 INFO     ProjectSettingsManager - Node loadded
03/11/2022 00:28:24 INFO     ProjectSettingsManager - open_project()
03/11/2022 00:28:24 INFO     ShortcutSettings - delete_old_keys()
03/11/2022 00:28:24 INFO     ShortcutSettings - setup_keys()
03/11/2022 00:28:35 INFO     SystemSettings loaded
03/11/2022 00:28:35 INFO     ShortcutSettings - Node loadded
03/11/2022 00:28:35 INFO     ProjectSettingsManager - Node loadded
03/11/2022 00:28:35 INFO     ProjectSettingsManager - open_project()
03/11/2022 00:28:35 INFO     ShortcutSettings - delete_old_keys()
03/11/2022 00:28:35 INFO     ShortcutSettings - setup_keys()
03/11/2022 00:28:43 INFO     SystemSettings loaded
03/11/2022 00:28:43 INFO     ShortcutSettings - Node loadded
03/11/2022 00:28:43 INFO     ProjectSettingsManager - Node loadded
03/11/2022 00:28:43 INFO     ProjectSettingsManager - open_project()
03/11/2022 00:28:43 INFO     ShortcutSettings - delete_old_keys()
03/11/2022 00:28:43 INFO     ShortcutSettings - setup_keys()
03/11/2022 00:29:38 INFO     SystemSettings loaded
03/11/2022 00:29:38 INFO     ShortcutSettings - Node loadded
03/11/2022 00:29:38 INFO     ProjectSettingsManager - Node loadded
03/11/2022 00:29:38 INFO     ProjectSettingsManager - open_project()
03/11/2022 00:29:38 INFO     ShortcutSettings - delete_old_keys()
03/11/2022 00:29:38 INFO     ShortcutSettings - setup_keys()
03/11/2022 00:31:50 INFO     SystemSettings loaded
03/11/2022 00:31:50 INFO     ShortcutSettings - Node loadded
03/11/2022 00:31:50 INFO     ProjectSettingsManager - Node loadded
03/11/2022 00:31:50 INFO     ProjectSettingsManager - open_project()
03/11/2022 00:31:50 INFO     ShortcutSettings - delete_old_keys()
03/11/2022 00:31:50 INFO     ShortcutSettings - setup_keys()
03/11/2022 00:31:59 INFO     SystemSettings loaded
03/11/2022 00:31:59 INFO     ShortcutSettings - Node loadded
03/11/2022 00:31:59 INFO     ProjectSettingsManager - Node loadded
03/11/2022 00:31:59 INFO     ProjectSettingsManager - open_project()
03/11/2022 00:31:59 INFO     ShortcutSettings - delete_old_keys()
03/11/2022 00:31:59 INFO     ShortcutSettings - setup_keys()
03/11/2022 00:32:14 INFO     SystemSettings loaded
03/11/2022 00:32:14 INFO     ShortcutSettings - Node loadded
03/11/2022 00:32:14 INFO     ProjectSettingsManager - Node loadded
03/11/2022 00:32:14 INFO     ProjectSettingsManager - open_project()
03/11/2022 00:32:14 INFO     ShortcutSettings - delete_old_keys()
03/11/2022 00:32:14 INFO     ShortcutSettings - setup_keys()
03/11/2022 00:33:19 INFO     SystemSettings loaded
03/11/2022 00:33:19 INFO     ShortcutSettings - Node loadded
03/11/2022 00:33:19 INFO     ProjectSettingsManager - Node loadded
03/11/2022 00:33:19 INFO     ProjectSettingsManager - open_project()
03/11/2022 00:33:19 INFO     ShortcutSettings - delete_old_keys()
03/11/2022 00:33:19 INFO     ShortcutSettings - setup_keys()
03/11/2022 00:33:25 INFO     SystemSettings loaded
03/11/2022 00:33:25 INFO     ShortcutSettings - Node loadded
03/11/2022 00:33:25 INFO     ProjectSettingsManager - Node loadded
03/11/2022 00:33:25 INFO     ProjectSettingsManager - open_project()
03/11/2022 00:33:25 INFO     ShortcutSettings - delete_old_keys()
03/11/2022 00:33:25 INFO     ShortcutSettings - setup_keys()
03/11/2022 00:33:42 INFO     SystemSettings loaded
03/11/2022 00:33:42 INFO     ShortcutSettings - Node loadded
03/11/2022 00:33:42 INFO     ProjectSettingsManager - Node loadded
03/11/2022 00:33:42 INFO     ProjectSettingsManager - open_project()
03/11/2022 00:33:42 INFO     ShortcutSettings - delete_old_keys()
03/11/2022 00:33:42 INFO     ShortcutSettings - setup_keys()
03/11/2022 00:33:51 INFO     SystemSettings loaded
03/11/2022 00:33:51 INFO     ShortcutSettings - Node loadded
03/11/2022 00:33:51 INFO     ProjectSettingsManager - Node loadded
03/11/2022 00:33:51 INFO     ProjectSettingsManager - open_project()
03/11/2022 00:33:51 INFO     ShortcutSettings - delete_old_keys()
03/11/2022 00:33:51 INFO     ShortcutSettings - setup_keys()
03/11/2022 00:34:00 INFO     SystemSettings loaded
03/11/2022 00:34:00 INFO     ShortcutSettings - Node loadded
03/11/2022 00:34:00 INFO     ProjectSettingsManager - Node loadded
03/11/2022 00:34:00 INFO     ProjectSettingsManager - open_project()
03/11/2022 00:34:00 INFO     ShortcutSettings - delete_old_keys()
03/11/2022 00:34:00 INFO     ShortcutSettings - setup_keys()
03/11/2022 00:34:56 INFO     SystemSettings loaded
03/11/2022 00:34:56 INFO     ShortcutSettings - Node loadded
03/11/2022 00:34:56 INFO     ProjectSettingsManager - Node loadded
03/11/2022 00:34:56 INFO     ProjectSettingsManager - open_project()
03/11/2022 00:34:56 INFO     ShortcutSettings - delete_old_keys()
03/11/2022 00:34:56 INFO     ShortcutSettings - setup_keys()
03/11/2022 00:35:04 INFO     SystemSettings loaded
03/11/2022 00:35:04 INFO     ShortcutSettings - Node loadded
03/11/2022 00:35:04 INFO     ProjectSettingsManager - Node loadded
03/11/2022 00:35:04 INFO     ProjectSettingsManager - open_project()
03/11/2022 00:35:04 INFO     ShortcutSettings - delete_old_keys()
03/11/2022 00:35:04 INFO     ShortcutSettings - setup_keys()
03/11/2022 00:35:39 INFO     SystemSettings loaded
03/11/2022 00:35:39 INFO     ShortcutSettings - Node loadded
03/11/2022 00:35:39 INFO     ProjectSettingsManager - Node loadded
03/11/2022 00:35:39 INFO     ProjectSettingsManager - open_project()
03/11/2022 00:35:39 INFO     ShortcutSettings - delete_old_keys()
03/11/2022 00:35:39 INFO     ShortcutSettings - setup_keys()
03/11/2022 00:35:55 INFO     SystemSettings loaded
03/11/2022 00:35:55 INFO     ShortcutSettings - Node loadded
03/11/2022 00:35:55 INFO     ProjectSettingsManager - Node loadded
03/11/2022 00:35:55 INFO     ProjectSettingsManager - open_project()
03/11/2022 00:35:55 INFO     ShortcutSettings - delete_old_keys()
03/11/2022 00:35:55 INFO     ShortcutSettings - setup_keys()
03/11/2022 00:38:12 INFO     SystemSettings loaded
03/11/2022 00:38:12 INFO     ShortcutSettings - Node loadded
03/11/2022 00:38:12 INFO     ProjectSettingsManager - Node loadded
03/11/2022 00:38:12 INFO     ProjectSettingsManager - open_project()
03/11/2022 00:38:12 INFO     ShortcutSettings - delete_old_keys()
03/11/2022 00:38:12 INFO     ShortcutSettings - setup_keys()
03/11/2022 00:39:42 INFO     SystemSettings loaded
03/11/2022 00:39:42 INFO     ShortcutSettings - Node loadded
03/11/2022 00:39:42 INFO     ProjectSettingsManager - Node loadded
03/11/2022 00:39:42 INFO     ProjectSettingsManager - open_project()
03/11/2022 00:39:42 INFO     ShortcutSettings - delete_old_keys()
03/11/2022 00:39:42 INFO     ShortcutSettings - setup_keys()
03/11/2022 00:41:02 INFO     SystemSettings loaded
03/11/2022 00:41:02 INFO     ShortcutSettings - Node loadded
03/11/2022 00:41:02 INFO     ProjectSettingsManager - Node loadded
03/11/2022 00:41:02 INFO     ProjectSettingsManager - open_project()
03/11/2022 00:41:02 INFO     ShortcutSettings - delete_old_keys()
03/11/2022 00:41:02 INFO     ShortcutSettings - setup_keys()
03/11/2022 00:41:55 INFO     SystemSettings loaded
03/11/2022 00:41:55 INFO     ShortcutSettings - Node loadded
03/11/2022 00:41:55 INFO     ProjectSettingsManager - Node loadded
03/11/2022 00:41:55 INFO     ProjectSettingsManager - open_project()
03/11/2022 00:41:55 INFO     ShortcutSettings - delete_old_keys()
03/11/2022 00:41:55 INFO     ShortcutSettings - setup_keys()
03/11/2022 00:42:55 INFO     SystemSettings loaded
03/11/2022 00:42:55 INFO     ShortcutSettings - Node loadded
03/11/2022 00:42:55 INFO     ProjectSettingsManager - Node loadded
03/11/2022 00:42:55 INFO     ProjectSettingsManager - open_project()
03/11/2022 00:42:55 INFO     ShortcutSettings - delete_old_keys()
03/11/2022 00:42:55 INFO     ShortcutSettings - setup_keys()
03/11/2022 00:46:07 INFO     SystemSettings loaded
03/11/2022 00:46:07 INFO     ShortcutSettings - Node loadded
03/11/2022 00:46:07 INFO     ProjectSettingsManager - Node loadded
03/11/2022 00:46:07 INFO     ProjectSettingsManager - open_project()
03/11/2022 00:46:07 INFO     ShortcutSettings - delete_old_keys()
03/11/2022 00:46:07 INFO     ShortcutSettings - setup_keys()
03/11/2022 00:47:22 INFO     SystemSettings loaded
03/11/2022 00:47:22 INFO     ShortcutSettings - Node loadded
03/11/2022 00:47:22 INFO     ProjectSettingsManager - Node loadded
03/11/2022 00:47:22 INFO     ProjectSettingsManager - open_project()
03/11/2022 00:47:22 INFO     ShortcutSettings - delete_old_keys()
03/11/2022 00:47:22 INFO     ShortcutSettings - setup_keys()
03/11/2022 00:47:48 INFO     SystemSettings loaded
03/11/2022 00:47:48 INFO     ShortcutSettings - Node loadded
03/11/2022 00:47:48 INFO     ProjectSettingsManager - Node loadded
03/11/2022 00:47:48 INFO     ProjectSettingsManager - open_project()
03/11/2022 00:47:48 INFO     ShortcutSettings - delete_old_keys()
03/11/2022 00:47:48 INFO     ShortcutSettings - setup_keys()
03/11/2022 00:52:48 INFO     SystemSettings loaded
03/11/2022 00:52:48 INFO     ShortcutSettings - Node loadded
03/11/2022 00:52:48 INFO     ProjectSettingsManager - Node loadded
03/11/2022 00:52:48 INFO     ProjectSettingsManager - open_project()
03/11/2022 00:52:48 INFO     ShortcutSettings - delete_old_keys()
03/11/2022 00:52:48 INFO     ShortcutSettings - setup_keys()
03/11/2022 00:53:10 INFO     SystemSettings loaded
03/11/2022 00:53:10 INFO     ShortcutSettings - Node loadded
03/11/2022 00:53:10 INFO     ProjectSettingsManager - Node loadded
03/11/2022 00:53:10 INFO     ProjectSettingsManager - open_project()
03/11/2022 00:53:10 INFO     ShortcutSettings - delete_old_keys()
03/11/2022 00:53:10 INFO     ShortcutSettings - setup_keys()
03/11/2022 00:53:11 INFO     SystemSettings loaded
03/11/2022 00:53:11 INFO     ShortcutSettings - Node loadded
03/11/2022 00:53:11 INFO     ProjectSettingsManager - Node loadded
03/11/2022 00:53:11 INFO     ProjectSettingsManager - open_project()
03/11/2022 00:53:11 INFO     ShortcutSettings - delete_old_keys()
03/11/2022 00:53:11 INFO     ShortcutSettings - setup_keys()
03/11/2022 00:56:26 INFO     SystemSettings loaded
03/11/2022 00:56:26 INFO     ShortcutSettings - Node loadded
03/11/2022 00:56:26 INFO     ProjectSettingsManager - Node loadded
03/11/2022 00:56:26 INFO     ProjectSettingsManager - open_project()
03/11/2022 00:56:26 INFO     ShortcutSettings - delete_old_keys()
03/11/2022 00:56:26 INFO     ShortcutSettings - setup_keys()
03/11/2022 00:59:28 INFO     SystemSettings loaded
03/11/2022 00:59:28 INFO     ShortcutSettings - Node loadded
03/11/2022 00:59:28 INFO     ProjectSettingsManager - Node loadded
03/11/2022 00:59:28 INFO     ProjectSettingsManager - open_project()
03/11/2022 00:59:28 INFO     ShortcutSettings - delete_old_keys()
03/11/2022 00:59:28 INFO     ShortcutSettings - setup_keys()
03/11/2022 01:02:23 INFO     SystemSettings loaded
03/11/2022 01:02:23 INFO     ShortcutSettings - Node loadded
03/11/2022 01:02:23 INFO     ProjectSettingsManager - Node loadded
03/11/2022 01:02:23 INFO     ProjectSettingsManager - open_project()
03/11/2022 01:02:23 INFO     ShortcutSettings - delete_old_keys()
03/11/2022 01:02:23 INFO     ShortcutSettings - setup_keys()
03/11/2022 01:05:37 INFO     SystemSettings loaded
03/11/2022 01:05:37 INFO     ShortcutSettings - Node loadded
03/11/2022 01:05:37 INFO     ProjectSettingsManager - Node loadded
03/11/2022 01:05:37 INFO     ProjectSettingsManager - open_project()
03/11/2022 01:05:37 INFO     ShortcutSettings - delete_old_keys()
03/11/2022 01:05:37 INFO     ShortcutSettings - setup_keys()
03/11/2022 01:06:26 INFO     SystemSettings loaded
03/11/2022 01:06:26 INFO     ShortcutSettings - Node loadded
03/11/2022 01:06:26 INFO     ProjectSettingsManager - Node loadded
03/11/2022 01:06:26 INFO     ProjectSettingsManager - open_project()
03/11/2022 01:06:26 INFO     ShortcutSettings - delete_old_keys()
03/11/2022 01:06:26 INFO     ShortcutSettings - setup_keys()
03/11/2022 01:11:05 INFO     SystemSettings loaded
03/11/2022 01:11:05 INFO     ShortcutSettings - Node loadded
03/11/2022 01:11:05 INFO     ProjectSettingsManager - Node loadded
03/11/2022 01:11:05 INFO     ProjectSettingsManager - open_project()
03/11/2022 01:11:05 INFO     ShortcutSettings - delete_old_keys()
03/11/2022 01:11:05 INFO     ShortcutSettings - setup_keys()
03/11/2022 01:11:54 INFO     SystemSettings loaded
03/11/2022 01:11:54 INFO     ShortcutSettings - Node loadded
03/11/2022 01:11:54 INFO     ProjectSettingsManager - Node loadded
03/11/2022 01:11:54 INFO     ProjectSettingsManager - open_project()
03/11/2022 01:11:54 INFO     ShortcutSettings - delete_old_keys()
03/11/2022 01:11:54 INFO     ShortcutSettings - setup_keys()
03/11/2022 01:12:29 INFO     SystemSettings loaded
03/11/2022 01:12:29 INFO     ShortcutSettings - Node loadded
03/11/2022 01:12:29 INFO     ProjectSettingsManager - Node loadded
03/11/2022 01:12:29 INFO     ProjectSettingsManager - open_project()
03/11/2022 01:12:29 INFO     ShortcutSettings - delete_old_keys()
03/11/2022 01:12:29 INFO     ShortcutSettings - setup_keys()
03/11/2022 01:22:47 INFO     SystemSettings loaded
03/11/2022 01:22:47 INFO     ShortcutSettings - Node loadded
03/11/2022 01:22:47 INFO     ProjectSettingsManager - Node loadded
03/11/2022 01:22:47 INFO     ProjectSettingsManager - open_project()
03/11/2022 01:22:47 INFO     ShortcutSettings - delete_old_keys()
03/11/2022 01:22:47 INFO     ShortcutSettings - setup_keys()
03/11/2022 01:22:47 INFO     NewProject - node loaded
03/11/2022 01:22:47 INFO     MainMenu - node loaded
03/11/2022 01:55:14 INFO     SystemSettings loaded
03/11/2022 01:55:14 INFO     ShortcutSettings - Node loadded
03/11/2022 01:55:14 INFO     ProjectSettingsManager - Node loadded
03/11/2022 01:55:14 INFO     ProjectSettingsManager - open_project()
03/11/2022 01:55:14 INFO     ShortcutSettings - delete_old_keys()
03/11/2022 01:55:14 INFO     ShortcutSettings - setup_keys()
03/11/2022 02:07:13 INFO     SystemSettings loaded
03/11/2022 02:07:13 INFO     ShortcutSettings - Node loadded
03/11/2022 02:07:13 INFO     ProjectSettingsManager - Node loadded
03/11/2022 02:07:13 INFO     ProjectSettingsManager - open_project()
03/11/2022 02:07:13 INFO     ShortcutSettings - delete_old_keys()
03/11/2022 02:07:13 INFO     ShortcutSettings - setup_keys()
03/11/2022 02:09:44 INFO     SystemSettings loaded
03/11/2022 02:09:44 INFO     ShortcutSettings - Node loadded
03/11/2022 02:09:44 INFO     ProjectSettingsManager - Node loadded
03/11/2022 02:09:44 INFO     ProjectSettingsManager - open_project()
03/11/2022 02:09:44 INFO     ShortcutSettings - delete_old_keys()
03/11/2022 02:09:44 INFO     ShortcutSettings - setup_keys()
03/11/2022 14:44:38 INFO     SystemSettings loaded
03/11/2022 14:44:38 INFO     ShortcutSettings - Node loadded
03/11/2022 14:44:38 INFO     ProjectSettingsManager - Node loadded
03/11/2022 14:44:38 INFO     ProjectSettingsManager - open_project()
03/11/2022 14:44:38 INFO     ShortcutSettings - delete_old_keys()
03/11/2022 14:44:38 INFO     ShortcutSettings - setup_keys()
03/11/2022 14:44:51 INFO     SystemSettings loaded
03/11/2022 14:44:51 INFO     ShortcutSettings - Node loadded
03/11/2022 14:44:51 INFO     ProjectSettingsManager - Node loadded
03/11/2022 14:44:51 INFO     ProjectSettingsManager - open_project()
03/11/2022 14:44:51 INFO     ShortcutSettings - delete_old_keys()
03/11/2022 14:44:51 INFO     ShortcutSettings - setup_keys()
03/11/2022 14:45:45 INFO     SystemSettings loaded
03/11/2022 14:45:45 INFO     ShortcutSettings - Node loadded
03/11/2022 14:45:45 INFO     ProjectSettingsManager - Node loadded
03/11/2022 14:45:45 INFO     ProjectSettingsManager - open_project()
03/11/2022 14:45:45 INFO     ShortcutSettings - delete_old_keys()
03/11/2022 14:45:45 INFO     ShortcutSettings - setup_keys()
03/11/2022 14:46:27 INFO     SystemSettings loaded
03/11/2022 14:46:27 INFO     ShortcutSettings - Node loadded
03/11/2022 14:46:27 INFO     ProjectSettingsManager - Node loadded
03/11/2022 14:46:27 INFO     ProjectSettingsManager - open_project()
03/11/2022 14:46:27 INFO     ShortcutSettings - delete_old_keys()
03/11/2022 14:46:27 INFO     ShortcutSettings - setup_keys()
03/11/2022 14:46:40 INFO     SystemSettings loaded
03/11/2022 14:46:40 INFO     ShortcutSettings - Node loadded
03/11/2022 14:46:40 INFO     ProjectSettingsManager - Node loadded
03/11/2022 14:46:40 INFO     ProjectSettingsManager - open_project()
03/11/2022 14:46:40 INFO     ShortcutSettings - delete_old_keys()
03/11/2022 14:46:40 INFO     ShortcutSettings - setup_keys()
03/11/2022 14:48:07 INFO     SystemSettings loaded
03/11/2022 14:48:07 INFO     ShortcutSettings - Node loadded
03/11/2022 14:48:07 INFO     ProjectSettingsManager - Node loadded
03/11/2022 14:48:07 INFO     ProjectSettingsManager - open_project()
03/11/2022 14:48:07 INFO     ShortcutSettings - delete_old_keys()
03/11/2022 14:48:07 INFO     ShortcutSettings - setup_keys()
03/11/2022 14:48:21 INFO     SystemSettings loaded
03/11/2022 14:48:21 INFO     ShortcutSettings - Node loadded
03/11/2022 14:48:21 INFO     ProjectSettingsManager - Node loadded
03/11/2022 14:48:21 INFO     ProjectSettingsManager - open_project()
03/11/2022 14:48:21 INFO     ShortcutSettings - delete_old_keys()
03/11/2022 14:48:21 INFO     ShortcutSettings - setup_keys()
03/11/2022 14:49:20 INFO     SystemSettings loaded
03/11/2022 14:49:20 INFO     ShortcutSettings - Node loadded
03/11/2022 14:49:20 INFO     ProjectSettingsManager - Node loadded
03/11/2022 14:49:20 INFO     ProjectSettingsManager - open_project()
03/11/2022 14:49:20 INFO     ShortcutSettings - delete_old_keys()
03/11/2022 14:49:20 INFO     ShortcutSettings - setup_keys()
03/11/2022 14:51:16 INFO     SystemSettings loaded
03/11/2022 14:51:16 INFO     ShortcutSettings - Node loadded
03/11/2022 14:51:16 INFO     ProjectSettingsManager - Node loadded
03/11/2022 14:51:16 INFO     ProjectSettingsManager - open_project()
03/11/2022 14:51:16 INFO     ShortcutSettings - delete_old_keys()
03/11/2022 14:51:16 INFO     ShortcutSettings - setup_keys()
03/11/2022 14:55:03 INFO     SystemSettings loaded
03/11/2022 14:55:03 INFO     ShortcutSettings - Node loadded
03/11/2022 14:55:03 INFO     ProjectSettingsManager - Node loadded
03/11/2022 14:55:03 INFO     ProjectSettingsManager - open_project()
03/11/2022 14:55:03 INFO     ShortcutSettings - delete_old_keys()
03/11/2022 14:55:03 INFO     ShortcutSettings - setup_keys()
03/11/2022 14:56:16 INFO     SystemSettings loaded
03/11/2022 14:56:16 INFO     ShortcutSettings - Node loadded
03/11/2022 14:56:16 INFO     ProjectSettingsManager - Node loadded
03/11/2022 14:56:16 INFO     ProjectSettingsManager - open_project()
03/11/2022 14:56:16 INFO     ShortcutSettings - delete_old_keys()
03/11/2022 14:56:16 INFO     ShortcutSettings - setup_keys()
03/11/2022 14:58:12 INFO     SystemSettings loaded
03/11/2022 14:58:12 INFO     ShortcutSettings - Node loadded
03/11/2022 14:58:12 INFO     ProjectSettingsManager - Node loadded
03/11/2022 14:58:12 INFO     ProjectSettingsManager - open_project()
03/11/2022 14:58:12 INFO     ShortcutSettings - delete_old_keys()
03/11/2022 14:58:12 INFO     ShortcutSettings - setup_keys()
03/11/2022 14:59:13 INFO     SystemSettings loaded
03/11/2022 14:59:13 INFO     ShortcutSettings - Node loadded
03/11/2022 14:59:13 INFO     ProjectSettingsManager - Node loadded
03/11/2022 14:59:13 INFO     ProjectSettingsManager - open_project()
03/11/2022 14:59:13 INFO     ShortcutSettings - delete_old_keys()
03/11/2022 14:59:13 INFO     ShortcutSettings - setup_keys()
03/11/2022 15:00:04 INFO     SystemSettings loaded
03/11/2022 15:00:04 INFO     ShortcutSettings - Node loadded
03/11/2022 15:00:04 INFO     ProjectSettingsManager - Node loadded
03/11/2022 15:00:04 INFO     ProjectSettingsManager - open_project()
03/11/2022 15:00:04 INFO     ShortcutSettings - delete_old_keys()
03/11/2022 15:00:04 INFO     ShortcutSettings - setup_keys()
03/11/2022 15:04:45 INFO     SystemSettings loaded
03/11/2022 15:04:45 INFO     ShortcutSettings - Node loadded
03/11/2022 15:04:45 INFO     ProjectSettingsManager - Node loadded
03/11/2022 15:04:45 INFO     ProjectSettingsManager - open_project()
03/11/2022 15:04:45 INFO     ShortcutSettings - delete_old_keys()
03/11/2022 15:04:45 INFO     ShortcutSettings - setup_keys()
03/11/2022 15:05:01 INFO     SystemSettings loaded
03/11/2022 15:05:01 INFO     ShortcutSettings - Node loadded
03/11/2022 15:05:01 INFO     ProjectSettingsManager - Node loadded
03/11/2022 15:05:01 INFO     ProjectSettingsManager - open_project()
03/11/2022 15:05:01 INFO     ShortcutSettings - delete_old_keys()
03/11/2022 15:05:01 INFO     ShortcutSettings - setup_keys()
03/11/2022 15:05:35 INFO     SystemSettings loaded
03/11/2022 15:05:35 INFO     ShortcutSettings - Node loadded
03/11/2022 15:05:35 INFO     ProjectSettingsManager - Node loadded
03/11/2022 15:05:35 INFO     ProjectSettingsManager - open_project()
03/11/2022 15:05:35 INFO     ShortcutSettings - delete_old_keys()
03/11/2022 15:05:35 INFO     ShortcutSettings - setup_keys()
03/11/2022 15:06:23 INFO     SystemSettings loaded
03/11/2022 15:06:23 INFO     ShortcutSettings - Node loadded
03/11/2022 15:06:23 INFO     ProjectSettingsManager - Node loadded
03/11/2022 15:06:23 INFO     ProjectSettingsManager - open_project()
03/11/2022 15:06:23 INFO     ShortcutSettings - delete_old_keys()
03/11/2022 15:06:23 INFO     ShortcutSettings - setup_keys()
03/11/2022 15:06:38 INFO     SystemSettings loaded
03/11/2022 15:06:38 INFO     ShortcutSettings - Node loadded
03/11/2022 15:06:38 INFO     ProjectSettingsManager - Node loadded
03/11/2022 15:06:38 INFO     ProjectSettingsManager - open_project()
03/11/2022 15:06:38 INFO     ShortcutSettings - delete_old_keys()
03/11/2022 15:06:38 INFO     ShortcutSettings - setup_keys()
03/11/2022 15:11:21 INFO     SystemSettings loaded
03/11/2022 15:11:21 INFO     ShortcutSettings - Node loadded
03/11/2022 15:11:21 INFO     ProjectSettingsManager - Node loadded
03/11/2022 15:11:21 INFO     ProjectSettingsManager - open_project()
03/11/2022 15:11:21 INFO     ShortcutSettings - delete_old_keys()
03/11/2022 15:11:21 INFO     ShortcutSettings - setup_keys()
03/11/2022 15:13:51 INFO     SystemSettings loaded
03/11/2022 15:13:51 INFO     ShortcutSettings - Node loadded
03/11/2022 15:13:51 INFO     ProjectSettingsManager - Node loadded
03/11/2022 15:13:51 INFO     ProjectSettingsManager - open_project()
03/11/2022 15:13:51 INFO     ShortcutSettings - delete_old_keys()
03/11/2022 15:13:51 INFO     ShortcutSettings - setup_keys()
03/11/2022 15:15:07 INFO     SystemSettings loaded
03/11/2022 15:15:07 INFO     ShortcutSettings - Node loadded
03/11/2022 15:15:07 INFO     ProjectSettingsManager - Node loadded
03/11/2022 15:15:07 INFO     ProjectSettingsManager - open_project()
03/11/2022 15:15:07 INFO     ShortcutSettings - delete_old_keys()
03/11/2022 15:15:07 INFO     ShortcutSettings - setup_keys()
03/11/2022 15:15:13 INFO     SystemSettings loaded
03/11/2022 15:15:13 INFO     ShortcutSettings - Node loadded
03/11/2022 15:15:13 INFO     ProjectSettingsManager - Node loadded
03/11/2022 15:15:13 INFO     ProjectSettingsManager - open_project()
03/11/2022 15:15:13 INFO     ShortcutSettings - delete_old_keys()
03/11/2022 15:15:13 INFO     ShortcutSettings - setup_keys()
03/11/2022 17:37:26 INFO     SystemSettings loaded
03/11/2022 17:37:26 INFO     ShortcutSettings - Node loadded
03/11/2022 17:37:26 INFO     ProjectSettingsManager - Node loadded
03/11/2022 17:37:26 INFO     ProjectSettingsManager - open_project()
03/11/2022 17:37:26 INFO     ShortcutSettings - delete_old_keys()
03/11/2022 17:37:26 INFO     ShortcutSettings - setup_keys()
03/11/2022 17:37:57 INFO     SystemSettings loaded
03/11/2022 17:37:57 INFO     ShortcutSettings - Node loadded
03/11/2022 17:37:57 INFO     ProjectSettingsManager - Node loadded
03/11/2022 17:37:57 INFO     ProjectSettingsManager - open_project()
03/11/2022 17:37:57 INFO     ShortcutSettings - delete_old_keys()
03/11/2022 17:37:57 INFO     ShortcutSettings - setup_keys()
03/11/2022 17:39:02 INFO     SystemSettings loaded
03/11/2022 17:39:02 INFO     ShortcutSettings - Node loadded
03/11/2022 17:39:02 INFO     ProjectSettingsManager - Node loadded
03/11/2022 17:39:02 INFO     ProjectSettingsManager - open_project()
03/11/2022 17:39:02 INFO     ShortcutSettings - delete_old_keys()
03/11/2022 17:39:02 INFO     ShortcutSettings - setup_keys()
03/11/2022 17:42:51 INFO     SystemSettings loaded
03/11/2022 17:42:51 INFO     ShortcutSettings - Node loadded
03/11/2022 17:42:51 INFO     ProjectSettingsManager - Node loadded
03/11/2022 17:42:51 INFO     ProjectSettingsManager - open_project()
03/11/2022 17:42:51 INFO     ShortcutSettings - delete_old_keys()
03/11/2022 17:42:51 INFO     ShortcutSettings - setup_keys()
03/11/2022 17:46:32 INFO     SystemSettings loaded
03/11/2022 17:46:32 INFO     ShortcutSettings - Node loadded
03/11/2022 17:46:32 INFO     ProjectSettingsManager - Node loadded
03/11/2022 17:46:32 INFO     ProjectSettingsManager - open_project()
03/11/2022 17:46:32 INFO     ShortcutSettings - delete_old_keys()
03/11/2022 17:46:32 INFO     ShortcutSettings - setup_keys()
03/11/2022 17:50:11 INFO     SystemSettings loaded
03/11/2022 17:50:11 INFO     ShortcutSettings - Node loadded
03/11/2022 17:50:11 INFO     ProjectSettingsManager - Node loadded
03/11/2022 17:50:11 INFO     ProjectSettingsManager - open_project()
03/11/2022 17:50:11 INFO     ShortcutSettings - delete_old_keys()
03/11/2022 17:50:11 INFO     ShortcutSettings - setup_keys()
03/11/2022 17:50:23 INFO     SystemSettings loaded
03/11/2022 17:50:23 INFO     ShortcutSettings - Node loadded
03/11/2022 17:50:23 INFO     ProjectSettingsManager - Node loadded
03/11/2022 17:50:23 INFO     ProjectSettingsManager - open_project()
03/11/2022 17:50:23 INFO     ShortcutSettings - delete_old_keys()
03/11/2022 17:50:23 INFO     ShortcutSettings - setup_keys()
03/11/2022 17:50:41 INFO     SystemSettings loaded
03/11/2022 17:50:41 INFO     ShortcutSettings - Node loadded
03/11/2022 17:50:41 INFO     ProjectSettingsManager - Node loadded
03/11/2022 17:50:41 INFO     ProjectSettingsManager - open_project()
03/11/2022 17:50:41 INFO     ShortcutSettings - delete_old_keys()
03/11/2022 17:50:41 INFO     ShortcutSettings - setup_keys()
03/11/2022 17:53:23 INFO     SystemSettings loaded
03/11/2022 17:53:23 INFO     ShortcutSettings - Node loadded
03/11/2022 17:53:23 INFO     ProjectSettingsManager - Node loadded
03/11/2022 17:53:23 INFO     ProjectSettingsManager - open_project()
03/11/2022 17:53:23 INFO     ShortcutSettings - delete_old_keys()
03/11/2022 17:53:23 INFO     ShortcutSettings - setup_keys()
03/11/2022 17:53:29 INFO     SystemSettings loaded
03/11/2022 17:53:29 INFO     ShortcutSettings - Node loadded
03/11/2022 17:53:29 INFO     ProjectSettingsManager - Node loadded
03/11/2022 17:53:29 INFO     ProjectSettingsManager - open_project()
03/11/2022 17:53:29 INFO     ShortcutSettings - delete_old_keys()
03/11/2022 17:53:29 INFO     ShortcutSettings - setup_keys()
03/11/2022 17:54:09 INFO     SystemSettings loaded
03/11/2022 17:54:09 INFO     ShortcutSettings - Node loadded
03/11/2022 17:54:09 INFO     ProjectSettingsManager - Node loadded
03/11/2022 17:54:09 INFO     ProjectSettingsManager - open_project()
03/11/2022 17:54:09 INFO     ShortcutSettings - delete_old_keys()
03/11/2022 17:54:09 INFO     ShortcutSettings - setup_keys()
03/11/2022 17:54:17 INFO     SystemSettings loaded
03/11/2022 17:54:17 INFO     ShortcutSettings - Node loadded
03/11/2022 17:54:17 INFO     ProjectSettingsManager - Node loadded
03/11/2022 17:54:17 INFO     ProjectSettingsManager - open_project()
03/11/2022 17:54:17 INFO     ShortcutSettings - delete_old_keys()
03/11/2022 17:54:17 INFO     ShortcutSettings - setup_keys()
03/11/2022 17:54:29 INFO     SystemSettings loaded
03/11/2022 17:54:29 INFO     ShortcutSettings - Node loadded
03/11/2022 17:54:29 INFO     ProjectSettingsManager - Node loadded
03/11/2022 17:54:29 INFO     ProjectSettingsManager - open_project()
03/11/2022 17:54:29 INFO     ShortcutSettings - delete_old_keys()
03/11/2022 17:54:29 INFO     ShortcutSettings - setup_keys()
03/11/2022 17:56:58 INFO     SystemSettings loaded
03/11/2022 17:56:58 INFO     ShortcutSettings - Node loadded
03/11/2022 17:56:58 INFO     ProjectSettingsManager - Node loadded
03/11/2022 17:56:58 INFO     ProjectSettingsManager - open_project()
03/11/2022 17:56:58 INFO     ShortcutSettings - delete_old_keys()
03/11/2022 17:56:58 INFO     ShortcutSettings - setup_keys()
03/11/2022 17:58:37 INFO     SystemSettings loaded
03/11/2022 17:58:37 INFO     ShortcutSettings - Node loadded
03/11/2022 17:58:37 INFO     ProjectSettingsManager - Node loadded
03/11/2022 17:58:37 INFO     ProjectSettingsManager - open_project()
03/11/2022 17:58:37 INFO     ShortcutSettings - delete_old_keys()
03/11/2022 17:58:37 INFO     ShortcutSettings - setup_keys()
