05/17/2022 15:30:57 INFO     SystemSettings loaded
05/17/2022 15:30:57 INFO     ShortcutSettings - Node loadded
05/17/2022 15:30:57 INFO     ProjectSettingsManager - Node loadded
05/17/2022 15:31:09 INFO     SystemSettings loaded
05/17/2022 15:31:09 INFO     ShortcutSettings - Node loadded
05/17/2022 15:31:09 INFO     ProjectSettingsManager - Node loadded
05/17/2022 15:31:09 INFO     SystemSettings - last_project()
05/17/2022 15:31:09 INFO     SystemSettings - last_project()
05/17/2022 15:31:09 INFO     SystemSettings - last_project()
05/17/2022 15:31:09 INFO     ProjectSettingsManager - open_project()
05/17/2022 15:31:09 INFO     ShortcutSettings - delete_old_keys()
05/17/2022 15:31:09 INFO     ShortcutSettings - setup_keys()
05/17/2022 16:02:45 INFO     SystemSettings loaded
05/17/2022 16:02:45 INFO     ShortcutSettings - Node loadded
05/17/2022 16:02:45 INFO     ProjectSettingsManager - Node loadded
05/17/2022 16:02:45 INFO     SystemSettings - last_project()
05/17/2022 16:02:45 INFO     SystemSettings - last_project()
05/17/2022 16:02:45 INFO     SystemSettings - last_project()
05/17/2022 16:02:45 INFO     ProjectSettingsManager - open_project()
05/17/2022 16:02:45 INFO     ShortcutSettings - delete_old_keys()
05/17/2022 16:02:45 INFO     ShortcutSettings - setup_keys()
05/17/2022 17:07:31 INFO     NewProject - node loaded
05/17/2022 17:07:31 INFO     MainMenu - node loaded
05/17/2022 17:07:34 INFO     MainMenu _on_OpenProjectButton_pressed()
05/17/2022 17:07:34 INFO     SystemSettings - get_projects()
05/17/2022 17:07:35 INFO     ProjectSettingsManager - open_project()
05/17/2022 17:07:35 INFO     ShortcutSettings - delete_old_keys()
05/17/2022 17:07:35 INFO     ShortcutSettings - setup_keys()
05/17/2022 17:07:35 INFO     SystemSettings - add_last_project(0)
05/17/2022 17:08:00 INFO     NewProject - node loaded
05/17/2022 17:08:00 INFO     MainMenu - node loaded
05/17/2022 17:08:04 INFO     MainMenu _on_OpenProjectButton_pressed()
05/17/2022 17:08:04 INFO     SystemSettings - get_projects()
05/17/2022 17:08:16 INFO     MainMenu _on_OpenProjectButton_pressed()
05/17/2022 17:08:16 INFO     SystemSettings - get_projects()
05/17/2022 17:08:16 INFO     ProjectSettingsManager - open_project()
05/17/2022 17:08:16 INFO     ShortcutSettings - delete_old_keys()
05/17/2022 17:08:16 INFO     ShortcutSettings - setup_keys()
05/17/2022 17:08:16 INFO     SystemSettings - add_last_project(0)
05/17/2022 17:08:45 INFO     command executed - echo(failed to exicute command `ls_commnad`)
05/17/2022 17:08:45 INFO     command - ls_commnad failed to exicute
05/17/2022 17:08:49 INFO     command executed - echo(failed to exicute command `ls`)
05/17/2022 17:08:49 INFO     command - ls failed to exicute
05/17/2022 17:08:51 INFO     command executed - clear
05/17/2022 17:08:59 INFO     command executed - ls_commands(CommandAPI:[Node:1266])
05/17/2022 17:08:59 INFO     command executed - echo([center]=== LIST OF COMMAND ===[/center])
05/17/2022 17:08:59 INFO     command executed - echo(_process)
05/17/2022 17:08:59 INFO     command executed - echo(_physics_process)
05/17/2022 17:08:59 INFO     command executed - echo(_enter_tree)
05/17/2022 17:08:59 INFO     command executed - echo(_exit_tree)
05/17/2022 17:08:59 INFO     command executed - echo(_ready)
05/17/2022 17:08:59 INFO     command executed - echo(_input)
05/17/2022 17:08:59 INFO     command executed - echo(_unhandled_input)
05/17/2022 17:08:59 INFO     command executed - echo(_unhandled_key_input)
05/17/2022 17:08:59 INFO     command executed - echo(_get_configuration_warning)
05/17/2022 17:08:59 INFO     command executed - echo(add_child_below_node)
05/17/2022 17:08:59 INFO     command executed - echo(set_name)
05/17/2022 17:08:59 INFO     command executed - echo(get_name)
05/17/2022 17:08:59 INFO     command executed - echo(add_child)
05/17/2022 17:08:59 INFO     command executed - echo(remove_child)
05/17/2022 17:08:59 INFO     command executed - echo(get_child_count)
05/17/2022 17:08:59 INFO     command executed - echo(get_children)
05/17/2022 17:08:59 INFO     command executed - echo(get_child)
05/17/2022 17:08:59 INFO     command executed - echo(has_node)
05/17/2022 17:08:59 INFO     command executed - echo(get_node)
05/17/2022 17:08:59 INFO     command executed - echo(get_node_or_null)
05/17/2022 17:08:59 INFO     command executed - echo(get_parent)
05/17/2022 17:08:59 INFO     command executed - echo(find_node)
05/17/2022 17:08:59 INFO     command executed - echo(find_parent)
05/17/2022 17:08:59 INFO     command executed - echo(has_node_and_resource)
05/17/2022 17:08:59 INFO     command executed - echo(get_node_and_resource)
05/17/2022 17:08:59 INFO     command executed - echo(is_inside_tree)
05/17/2022 17:08:59 INFO     command executed - echo(is_a_parent_of)
05/17/2022 17:08:59 INFO     command executed - echo(is_greater_than)
05/17/2022 17:08:59 INFO     command executed - echo(get_path)
05/17/2022 17:08:59 INFO     command executed - echo(get_path_to)
05/17/2022 17:08:59 INFO     command executed - echo(add_to_group)
05/17/2022 17:08:59 INFO     command executed - echo(remove_from_group)
05/17/2022 17:08:59 INFO     command executed - echo(is_in_group)
05/17/2022 17:08:59 INFO     command executed - echo(move_child)
05/17/2022 17:08:59 INFO     command executed - echo(get_groups)
05/17/2022 17:08:59 INFO     command executed - echo(raise)
05/17/2022 17:08:59 INFO     command executed - echo(set_owner)
05/17/2022 17:08:59 INFO     command executed - echo(get_owner)
05/17/2022 17:08:59 INFO     command executed - echo(remove_and_skip)
05/17/2022 17:08:59 INFO     command executed - echo(get_index)
05/17/2022 17:08:59 INFO     command executed - echo(print_tree)
05/17/2022 17:08:59 INFO     command executed - echo(print_tree_pretty)
05/17/2022 17:08:59 INFO     command executed - echo(set_filename)
05/17/2022 17:08:59 INFO     command executed - echo(get_filename)
05/17/2022 17:08:59 INFO     command executed - echo(propagate_notification)
05/17/2022 17:08:59 INFO     command executed - echo(propagate_call)
05/17/2022 17:08:59 INFO     command executed - echo(set_physics_process)
05/17/2022 17:08:59 INFO     command executed - echo(get_physics_process_delta_time)
05/17/2022 17:08:59 INFO     command executed - echo(is_physics_processing)
05/17/2022 17:08:59 INFO     command executed - echo(get_process_delta_time)
05/17/2022 17:08:59 INFO     command executed - echo(set_process)
05/17/2022 17:08:59 INFO     command executed - echo(set_process_priority)
05/17/2022 17:08:59 INFO     command executed - echo(get_process_priority)
05/17/2022 17:08:59 INFO     command executed - echo(is_processing)
05/17/2022 17:08:59 INFO     command executed - echo(set_process_input)
05/17/2022 17:08:59 INFO     command executed - echo(is_processing_input)
05/17/2022 17:08:59 INFO     command executed - echo(set_process_unhandled_input)
05/17/2022 17:08:59 INFO     command executed - echo(is_processing_unhandled_input)
05/17/2022 17:08:59 INFO     command executed - echo(set_process_unhandled_key_input)
05/17/2022 17:08:59 INFO     command executed - echo(is_processing_unhandled_key_input)
05/17/2022 17:08:59 INFO     command executed - echo(set_pause_mode)
05/17/2022 17:08:59 INFO     command executed - echo(get_pause_mode)
05/17/2022 17:08:59 INFO     command executed - echo(can_process)
05/17/2022 17:08:59 INFO     command executed - echo(print_stray_nodes)
05/17/2022 17:08:59 INFO     command executed - echo(get_position_in_parent)
05/17/2022 17:08:59 INFO     command executed - echo(set_display_folded)
05/17/2022 17:08:59 INFO     command executed - echo(is_displayed_folded)
05/17/2022 17:08:59 INFO     command executed - echo(set_process_internal)
05/17/2022 17:08:59 INFO     command executed - echo(is_processing_internal)
05/17/2022 17:08:59 INFO     command executed - echo(set_physics_process_internal)
05/17/2022 17:08:59 INFO     command executed - echo(is_physics_processing_internal)
05/17/2022 17:08:59 INFO     command executed - echo(get_tree)
05/17/2022 17:08:59 INFO     command executed - echo(duplicate)
05/17/2022 17:08:59 INFO     command executed - echo(replace_by)
05/17/2022 17:08:59 INFO     command executed - echo(set_scene_instance_load_placeholder)
05/17/2022 17:08:59 INFO     command executed - echo(get_scene_instance_load_placeholder)
05/17/2022 17:08:59 INFO     command executed - echo(get_viewport)
05/17/2022 17:08:59 INFO     command executed - echo(queue_free)
05/17/2022 17:08:59 INFO     command executed - echo(request_ready)
05/17/2022 17:08:59 INFO     command executed - echo(set_network_master)
05/17/2022 17:08:59 INFO     command executed - echo(get_network_master)
05/17/2022 17:08:59 INFO     command executed - echo(is_network_master)
05/17/2022 17:08:59 INFO     command executed - echo(get_multiplayer)
05/17/2022 17:08:59 INFO     command executed - echo(get_custom_multiplayer)
05/17/2022 17:08:59 INFO     command executed - echo(set_custom_multiplayer)
05/17/2022 17:08:59 INFO     command executed - echo(rpc_config)
05/17/2022 17:08:59 INFO     command executed - echo(rset_config)
05/17/2022 17:08:59 INFO     command executed - echo(_set_editor_description)
05/17/2022 17:08:59 INFO     command executed - echo(_get_editor_description)
05/17/2022 17:08:59 INFO     command executed - echo(_set_import_path)
05/17/2022 17:08:59 INFO     command executed - echo(_get_import_path)
05/17/2022 17:08:59 INFO     command executed - echo(rpc)
05/17/2022 17:08:59 INFO     command executed - echo(rpc_unreliable)
05/17/2022 17:08:59 INFO     command executed - echo(rpc_id)
05/17/2022 17:08:59 INFO     command executed - echo(rpc_unreliable_id)
05/17/2022 17:08:59 INFO     command executed - echo(rset)
05/17/2022 17:08:59 INFO     command executed - echo(rset_id)
05/17/2022 17:08:59 INFO     command executed - echo(rset_unreliable)
05/17/2022 17:08:59 INFO     command executed - echo(rset_unreliable_id)
05/17/2022 17:08:59 INFO     command executed - echo(update_configuration_warning)
05/17/2022 17:08:59 INFO     command executed - echo(free)
05/17/2022 17:08:59 INFO     command executed - echo(_notification)
05/17/2022 17:08:59 INFO     command executed - echo(_set)
05/17/2022 17:08:59 INFO     command executed - echo(_get)
05/17/2022 17:08:59 INFO     command executed - echo(_get_property_list)
05/17/2022 17:08:59 INFO     command executed - echo(_init)
05/17/2022 17:08:59 INFO     command executed - echo(_to_string)
05/17/2022 17:08:59 INFO     command executed - echo(get_class)
05/17/2022 17:08:59 INFO     command executed - echo(is_class)
05/17/2022 17:08:59 INFO     command executed - echo(set)
05/17/2022 17:08:59 INFO     command executed - echo(get)
05/17/2022 17:08:59 INFO     command executed - echo(set_indexed)
05/17/2022 17:08:59 INFO     command executed - echo(get_indexed)
05/17/2022 17:08:59 INFO     command executed - echo(get_property_list)
05/17/2022 17:08:59 INFO     command executed - echo(get_method_list)
05/17/2022 17:08:59 INFO     command executed - echo(notification)
05/17/2022 17:08:59 INFO     command executed - echo(to_string)
05/17/2022 17:08:59 INFO     command executed - echo(get_instance_id)
05/17/2022 17:08:59 INFO     command executed - echo(set_script)
05/17/2022 17:08:59 INFO     command executed - echo(get_script)
05/17/2022 17:08:59 INFO     command executed - echo(set_meta)
05/17/2022 17:08:59 INFO     command executed - echo(remove_meta)
05/17/2022 17:08:59 INFO     command executed - echo(get_meta)
05/17/2022 17:08:59 INFO     command executed - echo(has_meta)
05/17/2022 17:08:59 INFO     command executed - echo(get_meta_list)
05/17/2022 17:08:59 INFO     command executed - echo(add_user_signal)
05/17/2022 17:08:59 INFO     command executed - echo(has_user_signal)
05/17/2022 17:08:59 INFO     command executed - echo(emit_signal)
05/17/2022 17:08:59 INFO     command executed - echo(call)
05/17/2022 17:08:59 INFO     command executed - echo(call_deferred)
05/17/2022 17:08:59 INFO     command executed - echo(set_deferred)
05/17/2022 17:08:59 INFO     command executed - echo(callv)
05/17/2022 17:08:59 INFO     command executed - echo(has_method)
05/17/2022 17:08:59 INFO     command executed - echo(has_signal)
05/17/2022 17:08:59 INFO     command executed - echo(get_signal_list)
05/17/2022 17:08:59 INFO     command executed - echo(get_signal_connection_list)
05/17/2022 17:08:59 INFO     command executed - echo(get_incoming_connections)
05/17/2022 17:08:59 INFO     command executed - echo(connect)
05/17/2022 17:08:59 INFO     command executed - echo(disconnect)
05/17/2022 17:08:59 INFO     command executed - echo(is_connected)
05/17/2022 17:08:59 INFO     command executed - echo(set_block_signals)
05/17/2022 17:08:59 INFO     command executed - echo(is_blocking_signals)
05/17/2022 17:08:59 INFO     command executed - echo(property_list_changed_notify)
05/17/2022 17:08:59 INFO     command executed - echo(set_message_translation)
05/17/2022 17:08:59 INFO     command executed - echo(can_translate_messages)
05/17/2022 17:08:59 INFO     command executed - echo(tr)
05/17/2022 17:08:59 INFO     command executed - echo(is_queued_for_deletion)
05/17/2022 17:08:59 INFO     command executed - echo(clear)
05/17/2022 17:08:59 INFO     command executed - echo(echo)
05/17/2022 17:08:59 INFO     command executed - echo(_ready)
05/17/2022 17:08:59 INFO     command executed - echo(_init)
05/17/2022 17:08:59 INFO     command executed - echo(ls_console_log)
05/17/2022 17:08:59 INFO     command executed - echo(ls_command_history)
05/17/2022 17:08:59 INFO     command executed - echo(remove_save_files)
05/17/2022 17:08:59 INFO     command executed - echo(run_script)
05/17/2022 17:08:59 INFO     command executed - echo(ls_commands)
05/17/2022 17:08:59 INFO     command executed - echo([center]=== END ===[/center])
05/18/2022 21:41:52 INFO     SystemSettings loaded
05/18/2022 21:41:52 INFO     ShortcutSettings - Node loadded
05/18/2022 21:41:52 INFO     ProjectSettingsManager - Node loadded
05/18/2022 21:41:52 INFO     SystemSettings - last_project()
05/18/2022 21:41:52 INFO     SystemSettings - last_project()
05/18/2022 21:41:52 INFO     SystemSettings - last_project()
05/18/2022 21:41:52 INFO     ProjectSettingsManager - open_project()
05/18/2022 21:41:52 INFO     ShortcutSettings - delete_old_keys()
05/18/2022 21:41:52 INFO     ShortcutSettings - setup_keys()
05/18/2022 21:46:56 INFO     SystemSettings loaded
05/18/2022 21:46:56 INFO     ShortcutSettings - Node loadded
05/18/2022 21:46:56 INFO     ProjectSettingsManager - Node loadded
05/18/2022 21:46:56 INFO     SystemSettings - last_project()
05/18/2022 21:46:56 INFO     SystemSettings - last_project()
05/18/2022 21:46:56 INFO     SystemSettings - last_project()
05/18/2022 21:46:56 INFO     ProjectSettingsManager - open_project()
05/18/2022 21:46:56 INFO     ShortcutSettings - delete_old_keys()
05/18/2022 21:46:56 INFO     ShortcutSettings - setup_keys()
