06/02/2022 00:08:13 INFO     ShortcutSettings - Node loadded
06/02/2022 00:08:13 INFO     command executed - echo(fire)
06/02/2022 00:08:13 INFO     command executed - echo(book)
06/02/2022 00:08:13 INFO     command executed - clear
06/02/2022 00:08:13 INFO     command executed - echo(fire)
06/02/2022 00:08:13 INFO     command executed - ls_command_history
06/02/2022 00:08:13 INFO     command executed - echo([center]=== LIST OF COMMAND ===[/center])
06/02/2022 00:08:13 INFO     command executed - echo(echo('fire'))
06/02/2022 00:08:13 INFO     command executed - echo([center]=== END ===[/center])
06/02/2022 00:08:13 INFO     command executed - echo(failed to exicute command `pikachu`)
06/02/2022 00:08:13 INFO     command - pikachu failed to exicute
06/02/2022 00:08:13 INFO     command executed - ls_command_history
06/02/2022 00:08:13 INFO     command executed - echo([center]=== LIST OF COMMAND ===[/center])
06/02/2022 00:08:13 INFO     command executed - echo(echo('fire'))
06/02/2022 00:08:13 INFO     command executed - echo([center]=== END ===[/center])
06/02/2022 00:08:13 INFO     command executed - echo(fire)
06/02/2022 00:08:13 INFO     command executed - ls_console_log
06/02/2022 00:08:13 INFO     command executed - echo([center]=== LIST OF COMMAND ===[/center])
06/02/2022 00:08:13 INFO     command executed - echo(fire)
06/02/2022 00:08:13 INFO     command executed - echo([center]=== END ===[/center])
06/02/2022 00:08:13 INFO     command executed - echo(fire)
06/02/2022 00:08:13 INFO     command executed - echo(book)
06/02/2022 00:08:13 INFO     command executed - echo(56)
06/02/2022 00:08:13 INFO     command executed - remove_save_files
06/02/2022 00:08:13 INFO     command executed - echo(all file removed)
06/02/2022 00:08:13 INFO     command executed - run_script(res://test/resources_and_temp_items/hello_world.gd)
06/02/2022 00:08:13 INFO     command executed - echo(=== RUNING EXTERNAL SCRIPT (res://test/resources_and_temp_items/hello_world.gd) ===)
06/02/2022 00:08:13 INFO     command executed - echo(=== RUNING EXTERNAL SCRIPT (res://test/resources_and_temp_items/hello_world.gd) ===)
06/02/2022 00:08:13 INFO     script was successfully executed
06/02/2022 00:08:13 INFO     EditorSetting - get_projects()
06/02/2022 00:08:13 INFO     EditorSetting - get_pinned_project(game_dev,pqr)
06/02/2022 00:08:13 INFO     EditorSetting - get_pinned_project(world_building,xyz)
06/02/2022 00:08:13 INFO     EditorSetting - get_projects()
06/02/2022 00:08:13 INFO     EditorSetting - get_pinned_project(game_dev,pqr)
06/02/2022 00:08:13 INFO     EditorSetting - get_pinned_project(world_building,xyz)
06/02/2022 00:08:13 INFO     EditorSetting - add_last_project(1)
06/02/2022 00:08:13 INFO     EditorSetting - get_pinned_project(gg,mno)
06/02/2022 00:08:13 INFO     EditorSetting - get_projects()
06/02/2022 00:08:13 INFO     EditorSetting - last_project()
06/02/2022 00:08:13 INFO     EditorSetting - get_projects()
06/02/2022 00:08:13 INFO     EditorSetting - get_pinned_project(game_dev,pqr)
06/02/2022 00:08:13 INFO     EditorSetting - get_projects()
06/02/2022 00:08:13 INFO     EditorSetting - get_pinned_project(world_building,xyz)
06/02/2022 00:08:13 INFO     EditorSetting - get_projects()
06/02/2022 00:08:13 INFO     EditorSetting - get_pinned_project(game_dev,pqr)
06/02/2022 00:08:13 INFO     EditorSetting - get_pinned_project(world_building,xyz)
06/02/2022 00:08:13 INFO     EditorSetting - get_projects()
06/02/2022 00:08:13 INFO     EditorSetting - remove_project(game_dev,pqr)
06/02/2022 00:08:13 INFO     EditorSetting - last_project()
06/02/2022 00:08:13 INFO     EditorSetting - get_projects()
06/02/2022 00:08:13 INFO     EditorSetting - get_pinned_project(game_dev,pqr)
06/02/2022 00:08:13 INFO     EditorSetting - get_pinned_project(world_building,xyz)
06/02/2022 00:08:13 INFO     EditorSetting - pin_project(1)
06/02/2022 00:08:13 INFO     EditorSetting - get_pinned_project()
06/02/2022 00:08:13 INFO     EditorSetting - pin_project(0)
06/02/2022 00:08:13 INFO     EditorSetting - get_pinned_project()
06/02/2022 00:08:13 INFO     EditorSetting - remove_pin_project(1)
06/02/2022 00:08:13 INFO     EditorSetting - get_pinned_project()
06/02/2022 00:08:13 INFO     ShortcutSettings - Node loadded
06/02/2022 00:08:13 INFO     ShortcutSettings - remap_input(command line interface,[InputEventKey:2601])
06/02/2022 00:08:29 INFO     ShortcutSettings - Node loadded
06/02/2022 00:08:29 INFO     ShortcutSettings - delete_old_keys()
06/02/2022 00:08:29 INFO     ShortcutSettings - remap_input(command line interface,[InputEventKey:2627])
06/02/2022 00:08:38 INFO     NewProject - node loaded
06/02/2022 00:08:38 INFO     MainMenu - node loaded
06/02/2022 00:08:43 INFO     NewProject - node loaded
06/02/2022 00:08:43 INFO     MainMenu - node loaded
06/02/2022 00:08:43 INFO     MainMenu _on_OpenProjectButton_pressed()
06/02/2022 00:08:43 INFO     SystemSettings - get_projects()
06/02/2022 00:08:44 INFO     NewProject - node loaded
06/02/2022 00:08:44 INFO     MainMenu - node loaded
06/02/2022 00:08:47 INFO     verifing file intregity of 0 of type res:///save_files/maps/temp_file_1_save_data.tres - file_path: {3}
06/02/2022 00:08:48 INFO     verifing file intregity of 4 of type res:///save_files/articles/5cc9d850-98fa-40b2-831a-69ac0fe6906c_save_data.tres - file_path: {3}
06/02/2022 00:08:49 INFO     verifing file intregity of 4 of type res:///save_files/articles/f42fcea4-569f-49ae-8c60-7da6665b4bc3_save_data.tres - file_path: {3}
06/02/2022 00:08:49 INFO     verifing file intregity of 4 of type res:///save_files/articles/f42fcea4-569f-49ae-8c60-7da6665b4bc3_save_data.tres - file_path: {3}
06/02/2022 00:08:49 INFO     verifing file intregity of 4 of type res:///save_files/articles/f42fcea4-569f-49ae-8c60-7da6665b4bc3_save_data.tres - file_path: {3}
06/02/2022 00:08:49 INFO     verifing file intregity of 4 of type res:///save_files/articles/f42fcea4-569f-49ae-8c60-7da6665b4bc3_save_data.tres - file_path: {3}
06/02/2022 00:08:49 INFO     verifing file intregity of 4 of type res:///save_files/articles/f42fcea4-569f-49ae-8c60-7da6665b4bc3_save_data.tres - file_path: {3}
06/02/2022 00:08:51 INFO     verifing file intregity of 4 of type res:///save_files/articles/dd73d38f-28af-4e73-8262-89d1c0be9916_save_data.tres - file_path: {3}
06/02/2022 00:09:06 INFO     ShortcutSettings - Node loadded
06/02/2022 00:09:06 INFO     EditorSetting - get_projects()
06/02/2022 00:09:06 INFO     EditorSetting - get_pinned_project(game_dev,pqr)
06/02/2022 00:09:06 INFO     EditorSetting - get_pinned_project(world_building,xyz)
06/02/2022 00:09:06 INFO     EditorSetting - get_projects()
06/02/2022 00:09:06 INFO     EditorSetting - get_projects()
06/02/2022 00:09:06 INFO     EditorSetting - get_pinned_project(game_dev,pqr)
06/02/2022 00:09:06 INFO     EditorSetting - get_projects()
06/02/2022 00:09:06 INFO     EditorSetting - get_pinned_project(world_building,xyz)
06/02/2022 00:09:06 INFO     EditorSetting - get_projects()
06/02/2022 00:09:06 INFO     EditorSetting - get_pinned_project(game_dev,pqr)
06/02/2022 00:09:06 INFO     EditorSetting - get_pinned_project(world_building,xyz)
06/02/2022 00:09:06 INFO     EditorSetting - add_last_project(1)
06/02/2022 00:09:06 INFO     EditorSetting - get_pinned_project(gg,mno)
06/02/2022 00:09:06 INFO     EditorSetting - get_projects()
06/02/2022 00:09:06 INFO     EditorSetting - last_project()
06/02/2022 00:09:06 INFO     EditorSetting - get_pinned_project(game_dev,pqr)
06/02/2022 00:09:06 INFO     EditorSetting - get_pinned_project(world_building,xyz)
06/02/2022 00:09:06 INFO     EditorSetting - get_projects()
06/02/2022 00:09:06 INFO     EditorSetting - remove_project(game_dev,pqr)
06/02/2022 00:09:06 INFO     EditorSetting - last_project()
06/02/2022 00:09:06 INFO     EditorSetting - get_projects()
06/02/2022 00:09:06 INFO     EditorSetting - get_pinned_project(game_dev,pqr)
06/02/2022 00:09:06 INFO     EditorSetting - get_pinned_project(world_building,xyz)
06/02/2022 00:09:06 INFO     EditorSetting - get_pinned_project()
06/02/2022 00:09:06 INFO     EditorSetting - get_pinned_project()
06/02/2022 00:09:06 INFO     EditorSetting - remove_pin_project(1)
06/02/2022 00:09:06 INFO     EditorSetting - get_pinned_project()
06/02/2022 00:09:06 INFO     ShortcutSettings - Node loadded
06/02/2022 00:09:06 INFO     ShortcutSettings - delete_old_keys()
06/02/2022 00:09:06 INFO     ShortcutSettings - remap_input(command line interface,[InputEventKey:2331])
06/02/2022 00:09:51 INFO     ShortcutSettings - Node loadded
06/02/2022 00:09:51 INFO     EditorSetting - get_projects()
06/02/2022 00:09:51 INFO     EditorSetting - get_pinned_project(game_dev,pqr)
06/02/2022 00:09:51 INFO     EditorSetting - get_pinned_project(world_building,xyz)
06/02/2022 00:09:51 INFO     EditorSetting - get_projects()
06/02/2022 00:09:51 INFO     EditorSetting - get_projects()
06/02/2022 00:09:51 INFO     EditorSetting - get_pinned_project(game_dev,pqr)
06/02/2022 00:09:51 INFO     EditorSetting - get_projects()
06/02/2022 00:09:51 INFO     EditorSetting - get_pinned_project(world_building,xyz)
06/02/2022 00:09:51 INFO     EditorSetting - get_projects()
06/02/2022 00:09:51 INFO     EditorSetting - get_pinned_project(game_dev,pqr)
06/02/2022 00:09:51 INFO     EditorSetting - get_pinned_project(world_building,xyz)
06/02/2022 00:09:51 INFO     EditorSetting - add_last_project(1)
06/02/2022 00:09:51 INFO     EditorSetting - get_pinned_project(gg,mno)
06/02/2022 00:09:51 INFO     EditorSetting - get_projects()
06/02/2022 00:09:51 INFO     EditorSetting - last_project()
06/02/2022 00:09:51 INFO     EditorSetting - get_pinned_project(game_dev,pqr)
06/02/2022 00:09:51 INFO     EditorSetting - get_pinned_project(world_building,xyz)
06/02/2022 00:09:51 INFO     EditorSetting - get_projects()
06/02/2022 00:09:51 INFO     EditorSetting - remove_project(game_dev,pqr)
06/02/2022 00:09:51 INFO     EditorSetting - last_project()
06/02/2022 00:09:51 INFO     EditorSetting - get_projects()
06/02/2022 00:09:51 INFO     EditorSetting - get_pinned_project(game_dev,pqr)
06/02/2022 00:09:51 INFO     EditorSetting - get_pinned_project(world_building,xyz)
06/02/2022 00:09:51 INFO     EditorSetting - get_pinned_project()
06/02/2022 00:09:51 INFO     EditorSetting - get_pinned_project()
06/02/2022 00:09:51 INFO     EditorSetting - remove_pin_project(1)
06/02/2022 00:09:51 INFO     EditorSetting - get_pinned_project()
06/02/2022 00:09:51 INFO     ShortcutSettings - Node loadded
06/02/2022 00:09:51 INFO     ShortcutSettings - remap_input(command line interface,[InputEventKey:2306])
06/02/2022 00:10:13 INFO     ShortcutSettings - Node loadded
06/02/2022 00:10:13 INFO     EditorSetting - get_pinned_project(game_dev,pqr)
06/02/2022 00:10:13 INFO     EditorSetting - get_pinned_project(world_building,xyz)
06/02/2022 00:10:13 INFO     EditorSetting - get_pinned_project()
06/02/2022 00:10:13 INFO     EditorSetting - get_pinned_project()
06/02/2022 00:10:13 INFO     EditorSetting - remove_pin_project(1)
06/02/2022 00:10:13 INFO     EditorSetting - get_pinned_project()
06/02/2022 00:10:13 INFO     EditorSetting - get_pinned_project(game_dev,pqr)
06/02/2022 00:10:13 INFO     EditorSetting - get_pinned_project(world_building,xyz)
06/02/2022 00:10:13 INFO     EditorSetting - get_projects()
06/02/2022 00:10:13 INFO     EditorSetting - remove_project(game_dev,pqr)
06/02/2022 00:10:13 INFO     EditorSetting - last_project()
06/02/2022 00:10:13 INFO     EditorSetting - get_projects()
06/02/2022 00:10:13 INFO     EditorSetting - get_projects()
06/02/2022 00:10:13 INFO     EditorSetting - get_pinned_project(game_dev,pqr)
06/02/2022 00:10:13 INFO     EditorSetting - get_pinned_project(world_building,xyz)
06/02/2022 00:10:13 INFO     EditorSetting - get_projects()
06/02/2022 00:10:13 INFO     EditorSetting - get_projects()
06/02/2022 00:10:13 INFO     EditorSetting - get_pinned_project(game_dev,pqr)
06/02/2022 00:10:13 INFO     EditorSetting - get_projects()
06/02/2022 00:10:13 INFO     EditorSetting - get_pinned_project(world_building,xyz)
06/02/2022 00:10:13 INFO     EditorSetting - get_projects()
06/02/2022 00:10:13 INFO     EditorSetting - get_pinned_project(game_dev,pqr)
06/02/2022 00:10:13 INFO     EditorSetting - get_pinned_project(world_building,xyz)
06/02/2022 00:10:13 INFO     EditorSetting - add_last_project(1)
06/02/2022 00:10:13 INFO     EditorSetting - get_pinned_project(gg,mno)
06/02/2022 00:10:13 INFO     EditorSetting - get_projects()
06/02/2022 00:10:13 INFO     EditorSetting - last_project()
06/02/2022 00:10:13 INFO     ShortcutSettings - Node loadded
06/02/2022 00:10:13 INFO     ShortcutSettings - remap_input(command line interface,[InputEventKey:2394])
06/02/2022 00:10:42 INFO     ShortcutSettings - Node loadded
06/02/2022 00:10:43 INFO     verifing file intregity of 0 of type res:///save_files/maps/temp_file_1_save_data.tres - file_path: {3}
